[1.991s] Invoking command in '/home/ros/irrigation_ws/build/irrigation_bot': DEBUGINFOD_URLS=https://debuginfod.ubuntu.com PYTHONPATH=/home/ros/irrigation_ws/build/irrigation_bot/prefix_override:/usr/lib/python3/dist-packages/colcon_core/task/python/colcon_distutils_commands:/home/ros/irrigation_ws/install/irrigation_bot/lib/python3.12/site-packages:${PYTHONPATH} /usr/bin/python3 -W ignore:setup.py install is deprecated -W ignore:easy_install command is deprecated setup.py develop --uninstall --editable --build-directory /home/ros/irrigation_ws/build/irrigation_bot/build
[2.328s] running develop
[2.609s] Removing /home/ros/irrigation_ws/install/irrigation_bot/lib/python3.12/site-packages/irrigation-bot.egg-link (link to .)
[2.634s] Invoked command in '/home/ros/irrigation_ws/build/irrigation_bot' returned '0': DEBUGINFOD_URLS=https://debuginfod.ubuntu.com PYTHONPATH=/home/ros/irrigation_ws/build/irrigation_bot/prefix_override:/usr/lib/python3/dist-packages/colcon_core/task/python/colcon_distutils_commands:/home/ros/irrigation_ws/install/irrigation_bot/lib/python3.12/site-packages:${PYTHONPATH} /usr/bin/python3 -W ignore:setup.py install is deprecated -W ignore:easy_install command is deprecated setup.py develop --uninstall --editable --build-directory /home/ros/irrigation_ws/build/irrigation_bot/build
[2.636s] Invoking command in '/home/ros/irrigation_ws/src/irrigation_bot': DEBUGINFOD_URLS=https://debuginfod.ubuntu.com PYTHONPATH=/home/ros/irrigation_ws/build/irrigation_bot/prefix_override:/usr/lib/python3/dist-packages/colcon_core/task/python/colcon_distutils_commands:/home/ros/irrigation_ws/install/irrigation_bot/lib/python3.12/site-packages:${PYTHONPATH} /usr/bin/python3 -W ignore:setup.py install is deprecated -W ignore:easy_install command is deprecated setup.py egg_info --egg-base ../../build/irrigation_bot build --build-base /home/ros/irrigation_ws/build/irrigation_bot/build install --record /home/ros/irrigation_ws/build/irrigation_bot/install.log --single-version-externally-managed
[2.928s] running egg_info
[2.936s] writing ../../build/irrigation_bot/irrigation_bot.egg-info/PKG-INFO
[2.936s] writing dependency_links to ../../build/irrigation_bot/irrigation_bot.egg-info/dependency_links.txt
[2.937s] writing entry points to ../../build/irrigation_bot/irrigation_bot.egg-info/entry_points.txt
[2.937s] writing requirements to ../../build/irrigation_bot/irrigation_bot.egg-info/requires.txt
[2.939s] writing top-level names to ../../build/irrigation_bot/irrigation_bot.egg-info/top_level.txt
[2.989s] reading manifest file '../../build/irrigation_bot/irrigation_bot.egg-info/SOURCES.txt'
[3.054s] writing manifest file '../../build/irrigation_bot/irrigation_bot.egg-info/SOURCES.txt'
[3.055s] running build
[3.055s] running build_py
[3.057s] running install
[3.062s] running install_lib
[3.234s] creating /home/ros/irrigation_ws/install/irrigation_bot/lib/python3.12/site-packages/irrigation_bot
[3.234s] copying /home/ros/irrigation_ws/build/irrigation_bot/build/lib/irrigation_bot/__init__.py -> /home/ros/irrigation_ws/install/irrigation_bot/lib/python3.12/site-packages/irrigation_bot
[3.234s] copying /home/ros/irrigation_ws/build/irrigation_bot/build/lib/irrigation_bot/irrigation_bot.py -> /home/ros/irrigation_ws/install/irrigation_bot/lib/python3.12/site-packages/irrigation_bot
[3.248s] byte-compiling /home/ros/irrigation_ws/install/irrigation_bot/lib/python3.12/site-packages/irrigation_bot/__init__.py to __init__.cpython-312.pyc
[3.249s] byte-compiling /home/ros/irrigation_ws/install/irrigation_bot/lib/python3.12/site-packages/irrigation_bot/irrigation_bot.py to irrigation_bot.cpython-312.pyc
[3.249s] running install_egg_info
[3.266s] Copying ../../build/irrigation_bot/irrigation_bot.egg-info to /home/ros/irrigation_ws/install/irrigation_bot/lib/python3.12/site-packages/irrigation_bot-0.0.1-py3.12.egg-info
[3.266s] running install_scripts
[3.359s] Installing irrigation_bot script to /home/ros/irrigation_ws/install/irrigation_bot/lib/irrigation_bot
[3.359s] writing list of installed files to '/home/ros/irrigation_ws/build/irrigation_bot/install.log'
[3.409s] Invoked command in '/home/ros/irrigation_ws/src/irrigation_bot' returned '0': DEBUGINFOD_URLS=https://debuginfod.ubuntu.com PYTHONPATH=/home/ros/irrigation_ws/build/irrigation_bot/prefix_override:/usr/lib/python3/dist-packages/colcon_core/task/python/colcon_distutils_commands:/home/ros/irrigation_ws/install/irrigation_bot/lib/python3.12/site-packages:${PYTHONPATH} /usr/bin/python3 -W ignore:setup.py install is deprecated -W ignore:easy_install command is deprecated setup.py egg_info --egg-base ../../build/irrigation_bot build --build-base /home/ros/irrigation_ws/build/irrigation_bot/build install --record /home/ros/irrigation_ws/build/irrigation_bot/install.log --single-version-externally-managed
