[2.890s] Invoking command in '/home/ros/irrigation_ws/src/irrigation_bot': DEBUGINFOD_URLS=https://debuginfod.ubuntu.com PYTHONPATH=/home/ros/irrigation_ws/build/irrigation_bot/prefix_override:/usr/lib/python3/dist-packages/colcon_core/task/python/colcon_distutils_commands:/home/ros/irrigation_ws/install/irrigation_bot/lib/python3.12/site-packages:${PYTHONPATH} /usr/bin/python3 -W ignore:setup.py install is deprecated -W ignore:easy_install command is deprecated setup.py egg_info --egg-base ../../build/irrigation_bot build --build-base /home/ros/irrigation_ws/build/irrigation_bot/build install --record /home/ros/irrigation_ws/build/irrigation_bot/install.log --single-version-externally-managed
[3.028s] running egg_info
[3.039s] writing ../../build/irrigation_bot/irrigation_bot.egg-info/PKG-INFO
[3.039s] writing dependency_links to ../../build/irrigation_bot/irrigation_bot.egg-info/dependency_links.txt
[3.040s] writing entry points to ../../build/irrigation_bot/irrigation_bot.egg-info/entry_points.txt
[3.040s] writing requirements to ../../build/irrigation_bot/irrigation_bot.egg-info/requires.txt
[3.040s] writing top-level names to ../../build/irrigation_bot/irrigation_bot.egg-info/top_level.txt
[3.056s] reading manifest file '../../build/irrigation_bot/irrigation_bot.egg-info/SOURCES.txt'
[3.068s] writing manifest file '../../build/irrigation_bot/irrigation_bot.egg-info/SOURCES.txt'
[3.069s] running build
[3.069s] running build_py
[3.069s] running install
[3.073s] running install_lib
[3.087s] running install_egg_info
[3.090s] removing '/home/ros/irrigation_ws/install/irrigation_bot/lib/python3.12/site-packages/irrigation_bot-0.0.1-py3.12.egg-info' (and everything under it)
[3.090s] Copying ../../build/irrigation_bot/irrigation_bot.egg-info to /home/ros/irrigation_ws/install/irrigation_bot/lib/python3.12/site-packages/irrigation_bot-0.0.1-py3.12.egg-info
[3.097s] running install_scripts
[3.157s] Installing irrigation_bot script to /home/ros/irrigation_ws/install/irrigation_bot/lib/irrigation_bot
[3.157s] writing list of installed files to '/home/ros/irrigation_ws/build/irrigation_bot/install.log'
[3.182s] Invoked command in '/home/ros/irrigation_ws/src/irrigation_bot' returned '0': DEBUGINFOD_URLS=https://debuginfod.ubuntu.com PYTHONPATH=/home/ros/irrigation_ws/build/irrigation_bot/prefix_override:/usr/lib/python3/dist-packages/colcon_core/task/python/colcon_distutils_commands:/home/ros/irrigation_ws/install/irrigation_bot/lib/python3.12/site-packages:${PYTHONPATH} /usr/bin/python3 -W ignore:setup.py install is deprecated -W ignore:easy_install command is deprecated setup.py egg_info --egg-base ../../build/irrigation_bot build --build-base /home/ros/irrigation_ws/build/irrigation_bot/build install --record /home/ros/irrigation_ws/build/irrigation_bot/install.log --single-version-externally-managed
