[3.921s] DEBUG:colcon:Command line arguments: ['/usr/bin/colcon', 'build']
[3.921s] DEBUG:colcon:Parsed command line arguments: Namespace(log_base=None, log_level=None, verb_name='build', build_base='build', install_base='install', merge_install=False, symlink_install=False, test_result_base=None, continue_on_error=False, executor='parallel', parallel_workers=10, event_handlers=None, ignore_user_meta=False, metas=['./colcon.meta'], base_paths=['.'], packages_ignore=None, packages_ignore_regex=None, paths=None, packages_up_to=None, packages_up_to_regex=None, packages_above=None, packages_above_and_dependencies=None, packages_above_depth=None, packages_select_by_dep=None, packages_skip_by_dep=None, packages_skip_up_to=None, packages_select_build_failed=False, packages_skip_build_finished=False, packages_select_test_failures=False, packages_skip_test_passed=False, packages_select=None, packages_skip=None, packages_select_regex=None, packages_skip_regex=None, packages_start=None, packages_end=None, allow_overriding=[], cmake_args=None, cmake_target=None, cmake_target_skip_unavailable=False, cmake_clean_cache=False, cmake_clean_first=False, cmake_force_configure=False, ament_cmake_args=None, catkin_cmake_args=None, catkin_skip_building_tests=False, mixin_files=None, mixin=None, verb_parser=<colcon_mixin.mixin.mixin_argument.MixinArgumentDecorator object at 0x750000a84200>, verb_extension=<colcon_core.verb.build.BuildVerb object at 0x750000ba4b90>, main=<bound method BuildVerb.main of <colcon_core.verb.build.BuildVerb object at 0x750000ba4b90>>, mixin_verb=('build',))
[4.636s] Level 1:colcon.colcon_core.package_discovery:discover_packages(colcon_meta) check parameters
[4.636s] Level 1:colcon.colcon_core.package_discovery:discover_packages(recursive) check parameters
[4.636s] Level 1:colcon.colcon_core.package_discovery:discover_packages(ignore) check parameters
[4.636s] Level 1:colcon.colcon_core.package_discovery:discover_packages(path) check parameters
[4.636s] Level 1:colcon.colcon_core.package_discovery:discover_packages(colcon_meta) discover
[4.636s] Level 1:colcon.colcon_core.package_discovery:discover_packages(recursive) discover
[4.636s] INFO:colcon.colcon_core.package_discovery:Crawling recursively for packages in '/home/ros/irrigation_ws'
[4.636s] Level 1:colcon.colcon_core.package_identification:_identify(.) by extensions ['ignore', 'ignore_ament_install']
[4.636s] Level 1:colcon.colcon_core.package_identification:_identify(.) by extension 'ignore'
[4.636s] Level 1:colcon.colcon_core.package_identification:_identify(.) by extension 'ignore_ament_install'
[4.636s] Level 1:colcon.colcon_core.package_identification:_identify(.) by extensions ['colcon_pkg']
[4.636s] Level 1:colcon.colcon_core.package_identification:_identify(.) by extension 'colcon_pkg'
[4.637s] Level 1:colcon.colcon_core.package_identification:_identify(.) by extensions ['colcon_meta']
[4.637s] Level 1:colcon.colcon_core.package_identification:_identify(.) by extension 'colcon_meta'
[4.637s] Level 1:colcon.colcon_core.package_identification:_identify(.) by extensions ['ros']
[4.637s] Level 1:colcon.colcon_core.package_identification:_identify(.) by extension 'ros'
[5.088s] Level 1:colcon.colcon_core.package_identification:_identify(.) by extensions ['cmake', 'python']
[5.089s] Level 1:colcon.colcon_core.package_identification:_identify(.) by extension 'cmake'
[5.089s] Level 1:colcon.colcon_core.package_identification:_identify(.) by extension 'python'
[5.089s] Level 1:colcon.colcon_core.package_identification:_identify(.) by extensions ['python_setup_py']
[5.089s] Level 1:colcon.colcon_core.package_identification:_identify(.) by extension 'python_setup_py'
[5.089s] Level 1:colcon.colcon_core.package_identification:_identify(build) by extensions ['ignore', 'ignore_ament_install']
[5.089s] Level 1:colcon.colcon_core.package_identification:_identify(build) by extension 'ignore'
[5.089s] Level 1:colcon.colcon_core.package_identification:_identify(build) ignored
[5.089s] Level 1:colcon.colcon_core.package_identification:_identify(install) by extensions ['ignore', 'ignore_ament_install']
[5.090s] Level 1:colcon.colcon_core.package_identification:_identify(install) by extension 'ignore'
[5.090s] Level 1:colcon.colcon_core.package_identification:_identify(install) ignored
[5.090s] Level 1:colcon.colcon_core.package_identification:_identify(log) by extensions ['ignore', 'ignore_ament_install']
[5.090s] Level 1:colcon.colcon_core.package_identification:_identify(log) by extension 'ignore'
[5.090s] Level 1:colcon.colcon_core.package_identification:_identify(log) ignored
[5.090s] Level 1:colcon.colcon_core.package_identification:_identify(models) by extensions ['ignore', 'ignore_ament_install']
[5.090s] Level 1:colcon.colcon_core.package_identification:_identify(models) by extension 'ignore'
[5.090s] Level 1:colcon.colcon_core.package_identification:_identify(models) by extension 'ignore_ament_install'
[5.090s] Level 1:colcon.colcon_core.package_identification:_identify(models) by extensions ['colcon_pkg']
[5.091s] Level 1:colcon.colcon_core.package_identification:_identify(models) by extension 'colcon_pkg'
[5.091s] Level 1:colcon.colcon_core.package_identification:_identify(models) by extensions ['colcon_meta']
[5.091s] Level 1:colcon.colcon_core.package_identification:_identify(models) by extension 'colcon_meta'
[5.091s] Level 1:colcon.colcon_core.package_identification:_identify(models) by extensions ['ros']
[5.091s] Level 1:colcon.colcon_core.package_identification:_identify(models) by extension 'ros'
[5.091s] Level 1:colcon.colcon_core.package_identification:_identify(models) by extensions ['cmake', 'python']
[5.091s] Level 1:colcon.colcon_core.package_identification:_identify(models) by extension 'cmake'
[5.091s] Level 1:colcon.colcon_core.package_identification:_identify(models) by extension 'python'
[5.091s] Level 1:colcon.colcon_core.package_identification:_identify(models) by extensions ['python_setup_py']
[5.091s] Level 1:colcon.colcon_core.package_identification:_identify(models) by extension 'python_setup_py'
[5.118s] Level 1:colcon.colcon_core.package_identification:_identify(models/sun) by extensions ['ignore', 'ignore_ament_install']
[5.120s] Level 1:colcon.colcon_core.package_identification:_identify(models/sun) by extension 'ignore'
[5.120s] Level 1:colcon.colcon_core.package_identification:_identify(models/sun) by extension 'ignore_ament_install'
[5.123s] Level 1:colcon.colcon_core.package_identification:_identify(models/sun) by extensions ['colcon_pkg']
[5.123s] Level 1:colcon.colcon_core.package_identification:_identify(models/sun) by extension 'colcon_pkg'
[5.123s] Level 1:colcon.colcon_core.package_identification:_identify(models/sun) by extensions ['colcon_meta']
[5.123s] Level 1:colcon.colcon_core.package_identification:_identify(models/sun) by extension 'colcon_meta'
[5.123s] Level 1:colcon.colcon_core.package_identification:_identify(models/sun) by extensions ['ros']
[5.123s] Level 1:colcon.colcon_core.package_identification:_identify(models/sun) by extension 'ros'
[5.123s] Level 1:colcon.colcon_core.package_identification:_identify(models/sun) by extensions ['cmake', 'python']
[5.123s] Level 1:colcon.colcon_core.package_identification:_identify(models/sun) by extension 'cmake'
[5.124s] Level 1:colcon.colcon_core.package_identification:_identify(models/sun) by extension 'python'
[5.124s] Level 1:colcon.colcon_core.package_identification:_identify(models/sun) by extensions ['python_setup_py']
[5.124s] Level 1:colcon.colcon_core.package_identification:_identify(models/sun) by extension 'python_setup_py'
[5.124s] Level 1:colcon.colcon_core.package_identification:_identify(src) by extensions ['ignore', 'ignore_ament_install']
[5.124s] Level 1:colcon.colcon_core.package_identification:_identify(src) by extension 'ignore'
[5.124s] Level 1:colcon.colcon_core.package_identification:_identify(src) by extension 'ignore_ament_install'
[5.124s] Level 1:colcon.colcon_core.package_identification:_identify(src) by extensions ['colcon_pkg']
[5.124s] Level 1:colcon.colcon_core.package_identification:_identify(src) by extension 'colcon_pkg'
[5.124s] Level 1:colcon.colcon_core.package_identification:_identify(src) by extensions ['colcon_meta']
[5.124s] Level 1:colcon.colcon_core.package_identification:_identify(src) by extension 'colcon_meta'
[5.124s] Level 1:colcon.colcon_core.package_identification:_identify(src) by extensions ['ros']
[5.124s] Level 1:colcon.colcon_core.package_identification:_identify(src) by extension 'ros'
[5.124s] Level 1:colcon.colcon_core.package_identification:_identify(src) by extensions ['cmake', 'python']
[5.124s] Level 1:colcon.colcon_core.package_identification:_identify(src) by extension 'cmake'
[5.124s] Level 1:colcon.colcon_core.package_identification:_identify(src) by extension 'python'
[5.124s] Level 1:colcon.colcon_core.package_identification:_identify(src) by extensions ['python_setup_py']
[5.124s] Level 1:colcon.colcon_core.package_identification:_identify(src) by extension 'python_setup_py'
[5.124s] Level 1:colcon.colcon_core.package_identification:_identify(src/irrigation_bot) by extensions ['ignore', 'ignore_ament_install']
[5.125s] Level 1:colcon.colcon_core.package_identification:_identify(src/irrigation_bot) by extension 'ignore'
[5.125s] Level 1:colcon.colcon_core.package_identification:_identify(src/irrigation_bot) by extension 'ignore_ament_install'
[5.125s] Level 1:colcon.colcon_core.package_identification:_identify(src/irrigation_bot) by extensions ['colcon_pkg']
[5.125s] Level 1:colcon.colcon_core.package_identification:_identify(src/irrigation_bot) by extension 'colcon_pkg'
[5.125s] Level 1:colcon.colcon_core.package_identification:_identify(src/irrigation_bot) by extensions ['colcon_meta']
[5.125s] Level 1:colcon.colcon_core.package_identification:_identify(src/irrigation_bot) by extension 'colcon_meta'
[5.125s] Level 1:colcon.colcon_core.package_identification:_identify(src/irrigation_bot) by extensions ['ros']
[5.125s] Level 1:colcon.colcon_core.package_identification:_identify(src/irrigation_bot) by extension 'ros'
[5.197s] DEBUG:colcon.colcon_core.package_identification:Package 'src/irrigation_bot' with type 'ros.ament_python' and name 'irrigation_bot'
[5.197s] Level 1:colcon.colcon_core.package_identification:_identify(src/irrigation_bot_controller) by extensions ['ignore', 'ignore_ament_install']
[5.197s] Level 1:colcon.colcon_core.package_identification:_identify(src/irrigation_bot_controller) by extension 'ignore'
[5.197s] Level 1:colcon.colcon_core.package_identification:_identify(src/irrigation_bot_controller) by extension 'ignore_ament_install'
[5.197s] Level 1:colcon.colcon_core.package_identification:_identify(src/irrigation_bot_controller) by extensions ['colcon_pkg']
[5.197s] Level 1:colcon.colcon_core.package_identification:_identify(src/irrigation_bot_controller) by extension 'colcon_pkg'
[5.197s] Level 1:colcon.colcon_core.package_identification:_identify(src/irrigation_bot_controller) by extensions ['colcon_meta']
[5.197s] Level 1:colcon.colcon_core.package_identification:_identify(src/irrigation_bot_controller) by extension 'colcon_meta'
[5.197s] Level 1:colcon.colcon_core.package_identification:_identify(src/irrigation_bot_controller) by extensions ['ros']
[5.197s] Level 1:colcon.colcon_core.package_identification:_identify(src/irrigation_bot_controller) by extension 'ros'
[5.223s] DEBUG:colcon.colcon_core.package_identification:Package 'src/irrigation_bot_controller' with type 'ros.ament_python' and name 'irrigation_bot_controller'
[5.244s] Level 1:colcon.colcon_core.package_identification:_identify(src/rviz) by extensions ['ignore', 'ignore_ament_install']
[5.245s] Level 1:colcon.colcon_core.package_identification:_identify(src/rviz) by extension 'ignore'
[5.245s] Level 1:colcon.colcon_core.package_identification:_identify(src/rviz) by extension 'ignore_ament_install'
[5.245s] Level 1:colcon.colcon_core.package_identification:_identify(src/rviz) by extensions ['colcon_pkg']
[5.245s] Level 1:colcon.colcon_core.package_identification:_identify(src/rviz) by extension 'colcon_pkg'
[5.245s] Level 1:colcon.colcon_core.package_identification:_identify(src/rviz) by extensions ['colcon_meta']
[5.245s] Level 1:colcon.colcon_core.package_identification:_identify(src/rviz) by extension 'colcon_meta'
[5.245s] Level 1:colcon.colcon_core.package_identification:_identify(src/rviz) by extensions ['ros']
[5.245s] Level 1:colcon.colcon_core.package_identification:_identify(src/rviz) by extension 'ros'
[5.245s] Level 1:colcon.colcon_core.package_identification:_identify(src/rviz) by extensions ['cmake', 'python']
[5.245s] Level 1:colcon.colcon_core.package_identification:_identify(src/rviz) by extension 'cmake'
[5.245s] Level 1:colcon.colcon_core.package_identification:_identify(src/rviz) by extension 'python'
[5.245s] Level 1:colcon.colcon_core.package_identification:_identify(src/rviz) by extensions ['python_setup_py']
[5.245s] Level 1:colcon.colcon_core.package_identification:_identify(src/rviz) by extension 'python_setup_py'
[5.245s] Level 1:colcon.colcon_core.package_discovery:discover_packages(recursive) using defaults
[5.245s] Level 1:colcon.colcon_core.package_discovery:discover_packages(ignore) discover
[5.245s] Level 1:colcon.colcon_core.package_discovery:discover_packages(ignore) using defaults
[5.245s] Level 1:colcon.colcon_core.package_discovery:discover_packages(path) discover
[5.245s] Level 1:colcon.colcon_core.package_discovery:discover_packages(path) using defaults
[5.729s] Level 1:colcon.colcon_core.package_discovery:discover_packages(prefix_path) check parameters
[5.730s] Level 1:colcon.colcon_core.package_discovery:discover_packages(prefix_path) discover
[5.869s] DEBUG:colcon.colcon_installed_package_information.package_discovery:Found 2 installed packages in /home/ros/irrigation_ws/install
[5.894s] DEBUG:colcon.colcon_installed_package_information.package_discovery:Found 209 installed packages in /opt/ros/jazzy
[5.894s] Level 1:colcon.colcon_core.package_discovery:discover_packages(prefix_path) using defaults
[7.626s] Level 5:colcon.colcon_core.verb:set package 'irrigation_bot' build argument 'cmake_args' from command line to 'None'
[7.628s] Level 5:colcon.colcon_core.verb:set package 'irrigation_bot' build argument 'cmake_target' from command line to 'None'
[7.630s] Level 5:colcon.colcon_core.verb:set package 'irrigation_bot' build argument 'cmake_target_skip_unavailable' from command line to 'False'
[7.632s] Level 5:colcon.colcon_core.verb:set package 'irrigation_bot' build argument 'cmake_clean_cache' from command line to 'False'
[7.632s] Level 5:colcon.colcon_core.verb:set package 'irrigation_bot' build argument 'cmake_clean_first' from command line to 'False'
[7.632s] Level 5:colcon.colcon_core.verb:set package 'irrigation_bot' build argument 'cmake_force_configure' from command line to 'False'
[7.632s] Level 5:colcon.colcon_core.verb:set package 'irrigation_bot' build argument 'ament_cmake_args' from command line to 'None'
[7.632s] Level 5:colcon.colcon_core.verb:set package 'irrigation_bot' build argument 'catkin_cmake_args' from command line to 'None'
[7.632s] Level 5:colcon.colcon_core.verb:set package 'irrigation_bot' build argument 'catkin_skip_building_tests' from command line to 'False'
[7.632s] DEBUG:colcon.colcon_core.verb:Building package 'irrigation_bot' with the following arguments: {'ament_cmake_args': None, 'build_base': '/home/ros/irrigation_ws/build/irrigation_bot', 'catkin_cmake_args': None, 'catkin_skip_building_tests': False, 'cmake_args': None, 'cmake_clean_cache': False, 'cmake_clean_first': False, 'cmake_force_configure': False, 'cmake_target': None, 'cmake_target_skip_unavailable': False, 'install_base': '/home/ros/irrigation_ws/install/irrigation_bot', 'merge_install': False, 'path': '/home/ros/irrigation_ws/src/irrigation_bot', 'symlink_install': False, 'test_result_base': None}
[7.633s] Level 5:colcon.colcon_core.verb:set package 'irrigation_bot_controller' build argument 'cmake_args' from command line to 'None'
[7.633s] Level 5:colcon.colcon_core.verb:set package 'irrigation_bot_controller' build argument 'cmake_target' from command line to 'None'
[7.634s] Level 5:colcon.colcon_core.verb:set package 'irrigation_bot_controller' build argument 'cmake_target_skip_unavailable' from command line to 'False'
[7.634s] Level 5:colcon.colcon_core.verb:set package 'irrigation_bot_controller' build argument 'cmake_clean_cache' from command line to 'False'
[7.634s] Level 5:colcon.colcon_core.verb:set package 'irrigation_bot_controller' build argument 'cmake_clean_first' from command line to 'False'
[7.634s] Level 5:colcon.colcon_core.verb:set package 'irrigation_bot_controller' build argument 'cmake_force_configure' from command line to 'False'
[7.634s] Level 5:colcon.colcon_core.verb:set package 'irrigation_bot_controller' build argument 'ament_cmake_args' from command line to 'None'
[7.634s] Level 5:colcon.colcon_core.verb:set package 'irrigation_bot_controller' build argument 'catkin_cmake_args' from command line to 'None'
[7.634s] Level 5:colcon.colcon_core.verb:set package 'irrigation_bot_controller' build argument 'catkin_skip_building_tests' from command line to 'False'
[7.634s] DEBUG:colcon.colcon_core.verb:Building package 'irrigation_bot_controller' with the following arguments: {'ament_cmake_args': None, 'build_base': '/home/ros/irrigation_ws/build/irrigation_bot_controller', 'catkin_cmake_args': None, 'catkin_skip_building_tests': False, 'cmake_args': None, 'cmake_clean_cache': False, 'cmake_clean_first': False, 'cmake_force_configure': False, 'cmake_target': None, 'cmake_target_skip_unavailable': False, 'install_base': '/home/ros/irrigation_ws/install/irrigation_bot_controller', 'merge_install': False, 'path': '/home/ros/irrigation_ws/src/irrigation_bot_controller', 'symlink_install': False, 'test_result_base': None}
[7.634s] INFO:colcon.colcon_core.executor:Executing jobs using 'parallel' executor
[7.642s] DEBUG:colcon.colcon_parallel_executor.executor.parallel:run_until_complete
[7.642s] INFO:colcon.colcon_ros.task.ament_python.build:Building ROS package in '/home/ros/irrigation_ws/src/irrigation_bot' with build type 'ament_python'
[7.642s] Level 1:colcon.colcon_core.shell:create_environment_hook('irrigation_bot', 'ament_prefix_path')
[7.823s] INFO:colcon.colcon_core.plugin_system:Skipping extension 'colcon_core.shell.bat': Not used on non-Windows systems
[7.823s] INFO:colcon.colcon_core.shell:Creating environment hook '/home/ros/irrigation_ws/install/irrigation_bot/share/irrigation_bot/hook/ament_prefix_path.ps1'
[7.876s] INFO:colcon.colcon_core.shell:Creating environment descriptor '/home/ros/irrigation_ws/install/irrigation_bot/share/irrigation_bot/hook/ament_prefix_path.dsv'
[7.902s] INFO:colcon.colcon_core.shell:Creating environment hook '/home/ros/irrigation_ws/install/irrigation_bot/share/irrigation_bot/hook/ament_prefix_path.sh'
[7.937s] INFO:colcon.colcon_core.shell:Skip shell extension 'powershell' for command environment: Not usable outside of PowerShell
[7.938s] DEBUG:colcon.colcon_core.shell:Skip shell extension 'dsv' for command environment
[8.014s] INFO:colcon.colcon_ros.task.ament_python.build:Building ROS package in '/home/ros/irrigation_ws/src/irrigation_bot_controller' with build type 'ament_python'
[8.015s] Level 1:colcon.colcon_core.shell:create_environment_hook('irrigation_bot_controller', 'ament_prefix_path')
[8.015s] INFO:colcon.colcon_core.shell:Creating environment hook '/home/ros/irrigation_ws/install/irrigation_bot_controller/share/irrigation_bot_controller/hook/ament_prefix_path.ps1'
[8.072s] INFO:colcon.colcon_core.shell:Creating environment descriptor '/home/ros/irrigation_ws/install/irrigation_bot_controller/share/irrigation_bot_controller/hook/ament_prefix_path.dsv'
[8.074s] INFO:colcon.colcon_core.shell:Creating environment hook '/home/ros/irrigation_ws/install/irrigation_bot_controller/share/irrigation_bot_controller/hook/ament_prefix_path.sh'
[8.081s] INFO:colcon.colcon_core.shell:Skip shell extension 'powershell' for command environment: Not usable outside of PowerShell
[8.083s] DEBUG:colcon.colcon_core.shell:Skip shell extension 'dsv' for command environment
[8.559s] INFO:colcon.colcon_core.task.python.build:Building Python package in '/home/ros/irrigation_ws/src/irrigation_bot'
[8.560s] INFO:colcon.colcon_core.shell:Skip shell extension 'powershell' for command environment: Not usable outside of PowerShell
[8.560s] DEBUG:colcon.colcon_core.shell:Skip shell extension 'dsv' for command environment
[8.848s] WARNING:colcon.colcon_ros.task.ament_python.build:Package 'irrigation_bot_controller' doesn't explicitly install a marker in the package index (colcon-ros currently does it implicitly but that fallback will be removed in the future)
[8.869s] WARNING:colcon.colcon_ros.task.ament_python.build:Package 'irrigation_bot_controller' doesn't explicitly install the 'package.xml' file (colcon-ros currently does it implicitly but that fallback will be removed in the future)
[8.870s] INFO:colcon.colcon_core.task.python.build:Building Python package in '/home/ros/irrigation_ws/src/irrigation_bot_controller'
[8.870s] INFO:colcon.colcon_core.shell:Skip shell extension 'powershell' for command environment: Not usable outside of PowerShell
[8.870s] DEBUG:colcon.colcon_core.shell:Skip shell extension 'dsv' for command environment
[16.155s] DEBUG:colcon.colcon_core.event_handler.log_command:Invoking command in '/home/ros/irrigation_ws/src/irrigation_bot_controller': DEBUGINFOD_URLS=https://debuginfod.ubuntu.com PYTHONPATH=/home/ros/irrigation_ws/build/irrigation_bot_controller/prefix_override:/usr/lib/python3/dist-packages/colcon_core/task/python/colcon_distutils_commands:/home/ros/irrigation_ws/install/irrigation_bot_controller/lib/python3.12/site-packages:${PYTHONPATH} /usr/bin/python3 -W ignore:setup.py install is deprecated -W ignore:easy_install command is deprecated setup.py egg_info --egg-base ../../build/irrigation_bot_controller build --build-base /home/ros/irrigation_ws/build/irrigation_bot_controller/build install --record /home/ros/irrigation_ws/build/irrigation_bot_controller/install.log --single-version-externally-managed
[16.248s] DEBUG:colcon.colcon_core.event_handler.log_command:Invoking command in '/home/ros/irrigation_ws/src/irrigation_bot': DEBUGINFOD_URLS=https://debuginfod.ubuntu.com PYTHONPATH=/home/ros/irrigation_ws/build/irrigation_bot/prefix_override:/usr/lib/python3/dist-packages/colcon_core/task/python/colcon_distutils_commands:/home/ros/irrigation_ws/install/irrigation_bot/lib/python3.12/site-packages:${PYTHONPATH} /usr/bin/python3 -W ignore:setup.py install is deprecated -W ignore:easy_install command is deprecated setup.py egg_info --egg-base ../../build/irrigation_bot build --build-base /home/ros/irrigation_ws/build/irrigation_bot/build install --record /home/ros/irrigation_ws/build/irrigation_bot/install.log --single-version-externally-managed install_data
[17.627s] DEBUG:colcon.colcon_core.event_handler.log_command:Invoked command in '/home/ros/irrigation_ws/src/irrigation_bot' returned '0': DEBUGINFOD_URLS=https://debuginfod.ubuntu.com PYTHONPATH=/home/ros/irrigation_ws/build/irrigation_bot/prefix_override:/usr/lib/python3/dist-packages/colcon_core/task/python/colcon_distutils_commands:/home/ros/irrigation_ws/install/irrigation_bot/lib/python3.12/site-packages:${PYTHONPATH} /usr/bin/python3 -W ignore:setup.py install is deprecated -W ignore:easy_install command is deprecated setup.py egg_info --egg-base ../../build/irrigation_bot build --build-base /home/ros/irrigation_ws/build/irrigation_bot/build install --record /home/ros/irrigation_ws/build/irrigation_bot/install.log --single-version-externally-managed install_data
[17.841s] Level 1:colcon.colcon_core.environment:checking '/home/ros/irrigation_ws/install/irrigation_bot' for CMake module files
[17.844s] Level 1:colcon.colcon_core.environment:checking '/home/ros/irrigation_ws/install/irrigation_bot' for CMake config files
[17.845s] Level 1:colcon.colcon_core.environment:checking '/home/ros/irrigation_ws/install/irrigation_bot/lib'
[17.850s] Level 1:colcon.colcon_core.environment:checking '/home/ros/irrigation_ws/install/irrigation_bot/bin'
[17.855s] Level 1:colcon.colcon_core.environment:checking '/home/ros/irrigation_ws/install/irrigation_bot/lib/pkgconfig/irrigation_bot.pc'
[17.857s] Level 1:colcon.colcon_core.environment:checking '/home/ros/irrigation_ws/install/irrigation_bot/lib/python3.12/site-packages'
[17.861s] Level 1:colcon.colcon_core.shell:create_environment_hook('irrigation_bot', 'pythonpath')
[17.862s] INFO:colcon.colcon_core.shell:Creating environment hook '/home/ros/irrigation_ws/install/irrigation_bot/share/irrigation_bot/hook/pythonpath.ps1'
[17.863s] INFO:colcon.colcon_core.shell:Creating environment descriptor '/home/ros/irrigation_ws/install/irrigation_bot/share/irrigation_bot/hook/pythonpath.dsv'
[17.865s] INFO:colcon.colcon_core.shell:Creating environment hook '/home/ros/irrigation_ws/install/irrigation_bot/share/irrigation_bot/hook/pythonpath.sh'
[17.873s] Level 1:colcon.colcon_core.environment:checking '/home/ros/irrigation_ws/install/irrigation_bot/bin'
[17.875s] Level 1:colcon.colcon_core.environment:create_environment_scripts_only(irrigation_bot)
[17.875s] INFO:colcon.colcon_core.shell:Creating package script '/home/ros/irrigation_ws/install/irrigation_bot/share/irrigation_bot/package.ps1'
[17.900s] INFO:colcon.colcon_core.shell:Creating package descriptor '/home/ros/irrigation_ws/install/irrigation_bot/share/irrigation_bot/package.dsv'
[17.910s] INFO:colcon.colcon_core.shell:Creating package script '/home/ros/irrigation_ws/install/irrigation_bot/share/irrigation_bot/package.sh'
[17.911s] INFO:colcon.colcon_core.shell:Creating package script '/home/ros/irrigation_ws/install/irrigation_bot/share/irrigation_bot/package.bash'
[17.924s] INFO:colcon.colcon_core.shell:Creating package script '/home/ros/irrigation_ws/install/irrigation_bot/share/irrigation_bot/package.zsh'
[17.968s] Level 1:colcon.colcon_core.environment:create_file_with_runtime_dependencies(/home/ros/irrigation_ws/install/irrigation_bot/share/colcon-core/packages/irrigation_bot)
[17.987s] Level 1:colcon.colcon_core.environment:checking '/home/ros/irrigation_ws/install/irrigation_bot_controller' for CMake module files
[17.987s] Level 1:colcon.colcon_core.environment:checking '/home/ros/irrigation_ws/install/irrigation_bot_controller' for CMake config files
[17.988s] Level 1:colcon.colcon_core.environment:checking '/home/ros/irrigation_ws/install/irrigation_bot_controller/lib'
[17.988s] Level 1:colcon.colcon_core.environment:checking '/home/ros/irrigation_ws/install/irrigation_bot_controller/bin'
[17.989s] Level 1:colcon.colcon_core.environment:checking '/home/ros/irrigation_ws/install/irrigation_bot_controller/lib/pkgconfig/irrigation_bot_controller.pc'
[17.989s] Level 1:colcon.colcon_core.environment:checking '/home/ros/irrigation_ws/install/irrigation_bot_controller/lib/python3.12/site-packages'
[17.989s] Level 1:colcon.colcon_core.shell:create_environment_hook('irrigation_bot_controller', 'pythonpath')
[17.989s] INFO:colcon.colcon_core.shell:Creating environment hook '/home/ros/irrigation_ws/install/irrigation_bot_controller/share/irrigation_bot_controller/hook/pythonpath.ps1'
[17.991s] INFO:colcon.colcon_core.shell:Creating environment descriptor '/home/ros/irrigation_ws/install/irrigation_bot_controller/share/irrigation_bot_controller/hook/pythonpath.dsv'
[17.995s] INFO:colcon.colcon_core.shell:Creating environment hook '/home/ros/irrigation_ws/install/irrigation_bot_controller/share/irrigation_bot_controller/hook/pythonpath.sh'
[17.997s] Level 1:colcon.colcon_core.environment:checking '/home/ros/irrigation_ws/install/irrigation_bot_controller/bin'
[17.997s] Level 1:colcon.colcon_core.environment:create_environment_scripts_only(irrigation_bot_controller)
[17.997s] INFO:colcon.colcon_core.shell:Creating package script '/home/ros/irrigation_ws/install/irrigation_bot_controller/share/irrigation_bot_controller/package.ps1'
[18.001s] INFO:colcon.colcon_core.shell:Creating package descriptor '/home/ros/irrigation_ws/install/irrigation_bot_controller/share/irrigation_bot_controller/package.dsv'
[18.010s] INFO:colcon.colcon_core.shell:Creating package script '/home/ros/irrigation_ws/install/irrigation_bot_controller/share/irrigation_bot_controller/package.sh'
[18.017s] DEBUG:colcon.colcon_core.event_handler.log_command:Invoked command in '/home/ros/irrigation_ws/src/irrigation_bot_controller' returned '0': DEBUGINFOD_URLS=https://debuginfod.ubuntu.com PYTHONPATH=/home/ros/irrigation_ws/build/irrigation_bot_controller/prefix_override:/usr/lib/python3/dist-packages/colcon_core/task/python/colcon_distutils_commands:/home/ros/irrigation_ws/install/irrigation_bot_controller/lib/python3.12/site-packages:${PYTHONPATH} /usr/bin/python3 -W ignore:setup.py install is deprecated -W ignore:easy_install command is deprecated setup.py egg_info --egg-base ../../build/irrigation_bot_controller build --build-base /home/ros/irrigation_ws/build/irrigation_bot_controller/build install --record /home/ros/irrigation_ws/build/irrigation_bot_controller/install.log --single-version-externally-managed
[18.022s] INFO:colcon.colcon_core.shell:Creating package script '/home/ros/irrigation_ws/install/irrigation_bot_controller/share/irrigation_bot_controller/package.bash'
[18.024s] INFO:colcon.colcon_core.shell:Creating package script '/home/ros/irrigation_ws/install/irrigation_bot_controller/share/irrigation_bot_controller/package.zsh'
[18.026s] Level 1:colcon.colcon_core.environment:create_file_with_runtime_dependencies(/home/ros/irrigation_ws/install/irrigation_bot_controller/share/colcon-core/packages/irrigation_bot_controller)
[18.029s] DEBUG:colcon.colcon_parallel_executor.executor.parallel:closing loop
[18.082s] DEBUG:colcon.colcon_parallel_executor.executor.parallel:loop closed
[18.082s] DEBUG:colcon.colcon_parallel_executor.executor.parallel:run_until_complete finished with '0'
[18.084s] DEBUG:colcon.colcon_core.event_reactor:joining thread
[18.376s] INFO:colcon.colcon_core.plugin_system:Skipping extension 'colcon_notification.desktop_notification.terminal_notifier': Not used on non-Darwin systems
[18.376s] INFO:colcon.colcon_core.plugin_system:Skipping extension 'colcon_notification.desktop_notification.win32': Not used on non-Windows systems
[18.376s] INFO:colcon.colcon_notification.desktop_notification:Sending desktop notification using 'notify2'
[18.522s] DEBUG:colcon.colcon_core.event_reactor:joined thread
[18.522s] INFO:colcon.colcon_core.shell:Creating prefix script '/home/ros/irrigation_ws/install/local_setup.ps1'
[18.535s] INFO:colcon.colcon_core.shell:Creating prefix util module '/home/ros/irrigation_ws/install/_local_setup_util_ps1.py'
[18.550s] INFO:colcon.colcon_core.shell:Creating prefix chain script '/home/ros/irrigation_ws/install/setup.ps1'
[18.582s] INFO:colcon.colcon_core.shell:Creating prefix script '/home/ros/irrigation_ws/install/local_setup.sh'
[18.592s] INFO:colcon.colcon_core.shell:Creating prefix util module '/home/ros/irrigation_ws/install/_local_setup_util_sh.py'
[18.617s] INFO:colcon.colcon_core.shell:Creating prefix chain script '/home/ros/irrigation_ws/install/setup.sh'
[18.631s] INFO:colcon.colcon_core.shell:Creating prefix script '/home/ros/irrigation_ws/install/local_setup.bash'
[18.646s] INFO:colcon.colcon_core.shell:Creating prefix chain script '/home/ros/irrigation_ws/install/setup.bash'
[18.658s] INFO:colcon.colcon_core.shell:Creating prefix script '/home/ros/irrigation_ws/install/local_setup.zsh'
[18.669s] INFO:colcon.colcon_core.shell:Creating prefix chain script '/home/ros/irrigation_ws/install/setup.zsh'
