[8.136s] Invoking command in '/home/ros/irrigation_ws/src/irrigation_bot_controller': DEBUGINFOD_URLS=https://debuginfod.ubuntu.com PYTHONPATH=/home/ros/irrigation_ws/build/irrigation_bot_controller/prefix_override:/usr/lib/python3/dist-packages/colcon_core/task/python/colcon_distutils_commands:/home/ros/irrigation_ws/install/irrigation_bot_controller/lib/python3.12/site-packages:${PYTHONPATH} /usr/bin/python3 -W ignore:setup.py install is deprecated -W ignore:easy_install command is deprecated setup.py egg_info --egg-base ../../build/irrigation_bot_controller build --build-base /home/ros/irrigation_ws/build/irrigation_bot_controller/build install --record /home/ros/irrigation_ws/build/irrigation_bot_controller/install.log --single-version-externally-managed
[8.767s] running egg_info
[8.806s] writing ../../build/irrigation_bot_controller/irrigation_bot_controller.egg-info/PKG-INFO
[8.852s] writing dependency_links to ../../build/irrigation_bot_controller/irrigation_bot_controller.egg-info/dependency_links.txt
[8.877s] writing entry points to ../../build/irrigation_bot_controller/irrigation_bot_controller.egg-info/entry_points.txt
[8.877s] writing requirements to ../../build/irrigation_bot_controller/irrigation_bot_controller.egg-info/requires.txt
[8.877s] writing top-level names to ../../build/irrigation_bot_controller/irrigation_bot_controller.egg-info/top_level.txt
[9.021s] reading manifest file '../../build/irrigation_bot_controller/irrigation_bot_controller.egg-info/SOURCES.txt'
[9.057s] writing manifest file '../../build/irrigation_bot_controller/irrigation_bot_controller.egg-info/SOURCES.txt'
[9.057s] running build
[9.057s] running build_py
[9.116s] running install
[9.152s] running install_lib
[9.252s] running install_egg_info
[9.308s] removing '/home/ros/irrigation_ws/install/irrigation_bot_controller/lib/python3.12/site-packages/irrigation_bot_controller-0.0.0-py3.12.egg-info' (and everything under it)
[9.324s] Copying ../../build/irrigation_bot_controller/irrigation_bot_controller.egg-info to /home/ros/irrigation_ws/install/irrigation_bot_controller/lib/python3.12/site-packages/irrigation_bot_controller-0.0.0-py3.12.egg-info
[9.367s] running install_scripts
[9.766s] Installing simple_mover script to /home/ros/irrigation_ws/install/irrigation_bot_controller/lib/irrigation_bot_controller
[9.775s] writing list of installed files to '/home/ros/irrigation_ws/build/irrigation_bot_controller/install.log'
[9.998s] Invoked command in '/home/ros/irrigation_ws/src/irrigation_bot_controller' returned '0': DEBUGINFOD_URLS=https://debuginfod.ubuntu.com PYTHONPATH=/home/ros/irrigation_ws/build/irrigation_bot_controller/prefix_override:/usr/lib/python3/dist-packages/colcon_core/task/python/colcon_distutils_commands:/home/ros/irrigation_ws/install/irrigation_bot_controller/lib/python3.12/site-packages:${PYTHONPATH} /usr/bin/python3 -W ignore:setup.py install is deprecated -W ignore:easy_install command is deprecated setup.py egg_info --egg-base ../../build/irrigation_bot_controller build --build-base /home/ros/irrigation_ws/build/irrigation_bot_controller/build install --record /home/ros/irrigation_ws/build/irrigation_bot_controller/install.log --single-version-externally-managed
