[4.379s] Invoking command in '/home/ros/irrigation_ws/src/irrigation_bot_controller': DEBUGINFOD_URLS=https://debuginfod.ubuntu.com PYTHONPATH=/home/ros/irrigation_ws/build/irrigation_bot_controller/prefix_override:/usr/lib/python3/dist-packages/colcon_core/task/python/colcon_distutils_commands:/home/ros/irrigation_ws/install/irrigation_bot_controller/lib/python3.12/site-packages:${PYTHONPATH} /usr/bin/python3 -W ignore:setup.py install is deprecated -W ignore:easy_install command is deprecated setup.py egg_info --egg-base ../../build/irrigation_bot_controller build --build-base /home/ros/irrigation_ws/build/irrigation_bot_controller/build install --record /home/ros/irrigation_ws/build/irrigation_bot_controller/install.log --single-version-externally-managed
[4.668s] running egg_info
[4.669s] creating ../../build/irrigation_bot_controller/irrigation_bot_controller.egg-info
[4.669s] writing ../../build/irrigation_bot_controller/irrigation_bot_controller.egg-info/PKG-INFO
[4.669s] writing dependency_links to ../../build/irrigation_bot_controller/irrigation_bot_controller.egg-info/dependency_links.txt
[4.669s] writing entry points to ../../build/irrigation_bot_controller/irrigation_bot_controller.egg-info/entry_points.txt
[4.669s] writing requirements to ../../build/irrigation_bot_controller/irrigation_bot_controller.egg-info/requires.txt
[4.669s] writing top-level names to ../../build/irrigation_bot_controller/irrigation_bot_controller.egg-info/top_level.txt
[4.670s] writing manifest file '../../build/irrigation_bot_controller/irrigation_bot_controller.egg-info/SOURCES.txt'
[4.710s] reading manifest file '../../build/irrigation_bot_controller/irrigation_bot_controller.egg-info/SOURCES.txt'
[4.710s] writing manifest file '../../build/irrigation_bot_controller/irrigation_bot_controller.egg-info/SOURCES.txt'
[4.719s] running build
[4.719s] running build_py
[4.719s] creating /home/ros/irrigation_ws/build/irrigation_bot_controller/build
[4.719s] creating /home/ros/irrigation_ws/build/irrigation_bot_controller/build/lib
[4.719s] creating /home/ros/irrigation_ws/build/irrigation_bot_controller/build/lib/irrigation_bot_controller
[4.719s] copying irrigation_bot_controller/__init__.py -> /home/ros/irrigation_ws/build/irrigation_bot_controller/build/lib/irrigation_bot_controller
[4.719s] running install
[4.728s] running install_lib
[4.739s] creating /home/ros/irrigation_ws/install/irrigation_bot_controller/lib/python3.12/site-packages/irrigation_bot_controller
[4.749s] copying /home/ros/irrigation_ws/build/irrigation_bot_controller/build/lib/irrigation_bot_controller/__init__.py -> /home/ros/irrigation_ws/install/irrigation_bot_controller/lib/python3.12/site-packages/irrigation_bot_controller
[4.898s] byte-compiling /home/ros/irrigation_ws/install/irrigation_bot_controller/lib/python3.12/site-packages/irrigation_bot_controller/__init__.py to __init__.cpython-312.pyc
[4.898s] running install_egg_info
[4.927s] Copying ../../build/irrigation_bot_controller/irrigation_bot_controller.egg-info to /home/ros/irrigation_ws/install/irrigation_bot_controller/lib/python3.12/site-packages/irrigation_bot_controller-0.0.0-py3.12.egg-info
[4.927s] running install_scripts
[5.035s] Installing simple_mover script to /home/ros/irrigation_ws/install/irrigation_bot_controller/lib/irrigation_bot_controller
[5.035s] writing list of installed files to '/home/ros/irrigation_ws/build/irrigation_bot_controller/install.log'
[5.099s] Invoked command in '/home/ros/irrigation_ws/src/irrigation_bot_controller' returned '0': DEBUGINFOD_URLS=https://debuginfod.ubuntu.com PYTHONPATH=/home/ros/irrigation_ws/build/irrigation_bot_controller/prefix_override:/usr/lib/python3/dist-packages/colcon_core/task/python/colcon_distutils_commands:/home/ros/irrigation_ws/install/irrigation_bot_controller/lib/python3.12/site-packages:${PYTHONPATH} /usr/bin/python3 -W ignore:setup.py install is deprecated -W ignore:easy_install command is deprecated setup.py egg_info --egg-base ../../build/irrigation_bot_controller build --build-base /home/ros/irrigation_ws/build/irrigation_bot_controller/build install --record /home/ros/irrigation_ws/build/irrigation_bot_controller/install.log --single-version-externally-managed
