[1.623s] DEBUG:colcon:Command line arguments: ['/usr/bin/colcon', 'build']
[1.623s] DEBUG:colcon:Parsed command line arguments: Namespace(log_base=None, log_level=None, verb_name='build', build_base='build', install_base='install', merge_install=False, symlink_install=False, test_result_base=None, continue_on_error=False, executor='parallel', parallel_workers=10, event_handlers=None, ignore_user_meta=False, metas=['./colcon.meta'], base_paths=['.'], packages_ignore=None, packages_ignore_regex=None, paths=None, packages_up_to=None, packages_up_to_regex=None, packages_above=None, packages_above_and_dependencies=None, packages_above_depth=None, packages_select_by_dep=None, packages_skip_by_dep=None, packages_skip_up_to=None, packages_select_build_failed=False, packages_skip_build_finished=False, packages_select_test_failures=False, packages_skip_test_passed=False, packages_select=None, packages_skip=None, packages_select_regex=None, packages_skip_regex=None, packages_start=None, packages_end=None, allow_overriding=[], cmake_args=None, cmake_target=None, cmake_target_skip_unavailable=False, cmake_clean_cache=False, cmake_clean_first=False, cmake_force_configure=False, ament_cmake_args=None, catkin_cmake_args=None, catkin_skip_building_tests=False, mixin_files=None, mixin=None, verb_parser=<colcon_mixin.mixin.mixin_argument.MixinArgumentDecorator object at 0x7384acd7c650>, verb_extension=<colcon_core.verb.build.BuildVerb object at 0x7384ace9ca40>, main=<bound method BuildVerb.main of <colcon_core.verb.build.BuildVerb object at 0x7384ace9ca40>>, mixin_verb=('build',))
[1.752s] Level 1:colcon.colcon_core.package_discovery:discover_packages(colcon_meta) check parameters
[1.752s] Level 1:colcon.colcon_core.package_discovery:discover_packages(recursive) check parameters
[1.752s] Level 1:colcon.colcon_core.package_discovery:discover_packages(ignore) check parameters
[1.752s] Level 1:colcon.colcon_core.package_discovery:discover_packages(path) check parameters
[1.752s] Level 1:colcon.colcon_core.package_discovery:discover_packages(colcon_meta) discover
[1.752s] Level 1:colcon.colcon_core.package_discovery:discover_packages(recursive) discover
[1.752s] INFO:colcon.colcon_core.package_discovery:Crawling recursively for packages in '/home/ros/irrigation_ws'
[1.752s] Level 1:colcon.colcon_core.package_identification:_identify(.) by extensions ['ignore', 'ignore_ament_install']
[1.752s] Level 1:colcon.colcon_core.package_identification:_identify(.) by extension 'ignore'
[1.752s] Level 1:colcon.colcon_core.package_identification:_identify(.) by extension 'ignore_ament_install'
[1.752s] Level 1:colcon.colcon_core.package_identification:_identify(.) by extensions ['colcon_pkg']
[1.752s] Level 1:colcon.colcon_core.package_identification:_identify(.) by extension 'colcon_pkg'
[1.752s] Level 1:colcon.colcon_core.package_identification:_identify(.) by extensions ['colcon_meta']
[1.752s] Level 1:colcon.colcon_core.package_identification:_identify(.) by extension 'colcon_meta'
[1.753s] Level 1:colcon.colcon_core.package_identification:_identify(.) by extensions ['ros']
[1.753s] Level 1:colcon.colcon_core.package_identification:_identify(.) by extension 'ros'
[1.845s] Level 1:colcon.colcon_core.package_identification:_identify(.) by extensions ['cmake', 'python']
[1.845s] Level 1:colcon.colcon_core.package_identification:_identify(.) by extension 'cmake'
[1.845s] Level 1:colcon.colcon_core.package_identification:_identify(.) by extension 'python'
[1.845s] Level 1:colcon.colcon_core.package_identification:_identify(.) by extensions ['python_setup_py']
[1.845s] Level 1:colcon.colcon_core.package_identification:_identify(.) by extension 'python_setup_py'
[1.845s] Level 1:colcon.colcon_core.package_identification:_identify(build) by extensions ['ignore', 'ignore_ament_install']
[1.845s] Level 1:colcon.colcon_core.package_identification:_identify(build) by extension 'ignore'
[1.845s] Level 1:colcon.colcon_core.package_identification:_identify(build) ignored
[1.845s] Level 1:colcon.colcon_core.package_identification:_identify(install) by extensions ['ignore', 'ignore_ament_install']
[1.845s] Level 1:colcon.colcon_core.package_identification:_identify(install) by extension 'ignore'
[1.845s] Level 1:colcon.colcon_core.package_identification:_identify(install) ignored
[1.845s] Level 1:colcon.colcon_core.package_identification:_identify(log) by extensions ['ignore', 'ignore_ament_install']
[1.845s] Level 1:colcon.colcon_core.package_identification:_identify(log) by extension 'ignore'
[1.845s] Level 1:colcon.colcon_core.package_identification:_identify(log) ignored
[1.845s] Level 1:colcon.colcon_core.package_identification:_identify(src) by extensions ['ignore', 'ignore_ament_install']
[1.845s] Level 1:colcon.colcon_core.package_identification:_identify(src) by extension 'ignore'
[1.845s] Level 1:colcon.colcon_core.package_identification:_identify(src) by extension 'ignore_ament_install'
[1.846s] Level 1:colcon.colcon_core.package_identification:_identify(src) by extensions ['colcon_pkg']
[1.846s] Level 1:colcon.colcon_core.package_identification:_identify(src) by extension 'colcon_pkg'
[1.846s] Level 1:colcon.colcon_core.package_identification:_identify(src) by extensions ['colcon_meta']
[1.846s] Level 1:colcon.colcon_core.package_identification:_identify(src) by extension 'colcon_meta'
[1.846s] Level 1:colcon.colcon_core.package_identification:_identify(src) by extensions ['ros']
[1.846s] Level 1:colcon.colcon_core.package_identification:_identify(src) by extension 'ros'
[1.846s] Level 1:colcon.colcon_core.package_identification:_identify(src) by extensions ['cmake', 'python']
[1.846s] Level 1:colcon.colcon_core.package_identification:_identify(src) by extension 'cmake'
[1.846s] Level 1:colcon.colcon_core.package_identification:_identify(src) by extension 'python'
[1.846s] Level 1:colcon.colcon_core.package_identification:_identify(src) by extensions ['python_setup_py']
[1.846s] Level 1:colcon.colcon_core.package_identification:_identify(src) by extension 'python_setup_py'
[1.846s] Level 1:colcon.colcon_core.package_identification:_identify(src/irrigation_bot) by extensions ['ignore', 'ignore_ament_install']
[1.846s] Level 1:colcon.colcon_core.package_identification:_identify(src/irrigation_bot) by extension 'ignore'
[1.846s] Level 1:colcon.colcon_core.package_identification:_identify(src/irrigation_bot) by extension 'ignore_ament_install'
[1.846s] Level 1:colcon.colcon_core.package_identification:_identify(src/irrigation_bot) by extensions ['colcon_pkg']
[1.846s] Level 1:colcon.colcon_core.package_identification:_identify(src/irrigation_bot) by extension 'colcon_pkg'
[1.846s] Level 1:colcon.colcon_core.package_identification:_identify(src/irrigation_bot) by extensions ['colcon_meta']
[1.846s] Level 1:colcon.colcon_core.package_identification:_identify(src/irrigation_bot) by extension 'colcon_meta'
[1.846s] Level 1:colcon.colcon_core.package_identification:_identify(src/irrigation_bot) by extensions ['ros']
[1.846s] Level 1:colcon.colcon_core.package_identification:_identify(src/irrigation_bot) by extension 'ros'
[1.848s] DEBUG:colcon.colcon_core.package_identification:Package 'src/irrigation_bot' with type 'ros.ament_python' and name 'irrigation_bot'
[1.848s] Level 1:colcon.colcon_core.package_identification:_identify(src/rviz) by extensions ['ignore', 'ignore_ament_install']
[1.848s] Level 1:colcon.colcon_core.package_identification:_identify(src/rviz) by extension 'ignore'
[1.848s] Level 1:colcon.colcon_core.package_identification:_identify(src/rviz) by extension 'ignore_ament_install'
[1.848s] Level 1:colcon.colcon_core.package_identification:_identify(src/rviz) by extensions ['colcon_pkg']
[1.848s] Level 1:colcon.colcon_core.package_identification:_identify(src/rviz) by extension 'colcon_pkg'
[1.848s] Level 1:colcon.colcon_core.package_identification:_identify(src/rviz) by extensions ['colcon_meta']
[1.848s] Level 1:colcon.colcon_core.package_identification:_identify(src/rviz) by extension 'colcon_meta'
[1.848s] Level 1:colcon.colcon_core.package_identification:_identify(src/rviz) by extensions ['ros']
[1.848s] Level 1:colcon.colcon_core.package_identification:_identify(src/rviz) by extension 'ros'
[1.848s] Level 1:colcon.colcon_core.package_identification:_identify(src/rviz) by extensions ['cmake', 'python']
[1.848s] Level 1:colcon.colcon_core.package_identification:_identify(src/rviz) by extension 'cmake'
[1.848s] Level 1:colcon.colcon_core.package_identification:_identify(src/rviz) by extension 'python'
[1.848s] Level 1:colcon.colcon_core.package_identification:_identify(src/rviz) by extensions ['python_setup_py']
[1.848s] Level 1:colcon.colcon_core.package_identification:_identify(src/rviz) by extension 'python_setup_py'
[1.849s] Level 1:colcon.colcon_core.package_discovery:discover_packages(recursive) using defaults
[1.849s] Level 1:colcon.colcon_core.package_discovery:discover_packages(ignore) discover
[1.849s] Level 1:colcon.colcon_core.package_discovery:discover_packages(ignore) using defaults
[1.849s] Level 1:colcon.colcon_core.package_discovery:discover_packages(path) discover
[1.849s] Level 1:colcon.colcon_core.package_discovery:discover_packages(path) using defaults
[1.911s] Level 1:colcon.colcon_core.package_discovery:discover_packages(prefix_path) check parameters
[1.911s] Level 1:colcon.colcon_core.package_discovery:discover_packages(prefix_path) discover
[1.914s] DEBUG:colcon.colcon_installed_package_information.package_discovery:Found 1 installed packages in /home/ros/irrigation_ws/install
[1.914s] DEBUG:colcon.colcon_installed_package_information.package_discovery:Found 209 installed packages in /opt/ros/jazzy
[1.915s] Level 1:colcon.colcon_core.package_discovery:discover_packages(prefix_path) using defaults
[1.940s] Level 5:colcon.colcon_core.verb:set package 'irrigation_bot' build argument 'cmake_args' from command line to 'None'
[1.941s] Level 5:colcon.colcon_core.verb:set package 'irrigation_bot' build argument 'cmake_target' from command line to 'None'
[1.941s] Level 5:colcon.colcon_core.verb:set package 'irrigation_bot' build argument 'cmake_target_skip_unavailable' from command line to 'False'
[1.942s] Level 5:colcon.colcon_core.verb:set package 'irrigation_bot' build argument 'cmake_clean_cache' from command line to 'False'
[1.942s] Level 5:colcon.colcon_core.verb:set package 'irrigation_bot' build argument 'cmake_clean_first' from command line to 'False'
[1.942s] Level 5:colcon.colcon_core.verb:set package 'irrigation_bot' build argument 'cmake_force_configure' from command line to 'False'
[1.942s] Level 5:colcon.colcon_core.verb:set package 'irrigation_bot' build argument 'ament_cmake_args' from command line to 'None'
[1.942s] Level 5:colcon.colcon_core.verb:set package 'irrigation_bot' build argument 'catkin_cmake_args' from command line to 'None'
[1.942s] Level 5:colcon.colcon_core.verb:set package 'irrigation_bot' build argument 'catkin_skip_building_tests' from command line to 'False'
[1.942s] DEBUG:colcon.colcon_core.verb:Building package 'irrigation_bot' with the following arguments: {'ament_cmake_args': None, 'build_base': '/home/ros/irrigation_ws/build/irrigation_bot', 'catkin_cmake_args': None, 'catkin_skip_building_tests': False, 'cmake_args': None, 'cmake_clean_cache': False, 'cmake_clean_first': False, 'cmake_force_configure': False, 'cmake_target': None, 'cmake_target_skip_unavailable': False, 'install_base': '/home/ros/irrigation_ws/install/irrigation_bot', 'merge_install': False, 'path': '/home/ros/irrigation_ws/src/irrigation_bot', 'symlink_install': False, 'test_result_base': None}
[1.942s] INFO:colcon.colcon_core.executor:Executing jobs using 'parallel' executor
[1.947s] DEBUG:colcon.colcon_parallel_executor.executor.parallel:run_until_complete
[1.947s] INFO:colcon.colcon_ros.task.ament_python.build:Building ROS package in '/home/ros/irrigation_ws/src/irrigation_bot' with build type 'ament_python'
[1.948s] Level 1:colcon.colcon_core.shell:create_environment_hook('irrigation_bot', 'ament_prefix_path')
[1.993s] INFO:colcon.colcon_core.plugin_system:Skipping extension 'colcon_core.shell.bat': Not used on non-Windows systems
[1.994s] INFO:colcon.colcon_core.shell:Creating environment hook '/home/ros/irrigation_ws/install/irrigation_bot/share/irrigation_bot/hook/ament_prefix_path.ps1'
[1.995s] INFO:colcon.colcon_core.shell:Creating environment descriptor '/home/ros/irrigation_ws/install/irrigation_bot/share/irrigation_bot/hook/ament_prefix_path.dsv'
[1.995s] INFO:colcon.colcon_core.shell:Creating environment hook '/home/ros/irrigation_ws/install/irrigation_bot/share/irrigation_bot/hook/ament_prefix_path.sh'
[1.996s] INFO:colcon.colcon_core.shell:Skip shell extension 'powershell' for command environment: Not usable outside of PowerShell
[1.996s] DEBUG:colcon.colcon_core.shell:Skip shell extension 'dsv' for command environment
[2.199s] WARNING:colcon.colcon_ros.task.ament_python.build:Package 'irrigation_bot' doesn't explicitly install a marker in the package index (colcon-ros currently does it implicitly but that fallback will be removed in the future)
[2.200s] WARNING:colcon.colcon_ros.task.ament_python.build:Package 'irrigation_bot' doesn't explicitly install the 'package.xml' file (colcon-ros currently does it implicitly but that fallback will be removed in the future)
[2.201s] INFO:colcon.colcon_core.task.python.build:Building Python package in '/home/ros/irrigation_ws/src/irrigation_bot'
[2.201s] INFO:colcon.colcon_core.shell:Skip shell extension 'powershell' for command environment: Not usable outside of PowerShell
[2.201s] DEBUG:colcon.colcon_core.shell:Skip shell extension 'dsv' for command environment
[3.939s] DEBUG:colcon.colcon_core.event_handler.log_command:Invoking command in '/home/ros/irrigation_ws/build/irrigation_bot': DEBUGINFOD_URLS=https://debuginfod.ubuntu.com PYTHONPATH=/home/ros/irrigation_ws/build/irrigation_bot/prefix_override:/usr/lib/python3/dist-packages/colcon_core/task/python/colcon_distutils_commands:/home/ros/irrigation_ws/install/irrigation_bot/lib/python3.12/site-packages:${PYTHONPATH} /usr/bin/python3 -W ignore:setup.py install is deprecated -W ignore:easy_install command is deprecated setup.py develop --uninstall --editable --build-directory /home/ros/irrigation_ws/build/irrigation_bot/build
[4.584s] DEBUG:colcon.colcon_core.event_handler.log_command:Invoked command in '/home/ros/irrigation_ws/build/irrigation_bot' returned '0': DEBUGINFOD_URLS=https://debuginfod.ubuntu.com PYTHONPATH=/home/ros/irrigation_ws/build/irrigation_bot/prefix_override:/usr/lib/python3/dist-packages/colcon_core/task/python/colcon_distutils_commands:/home/ros/irrigation_ws/install/irrigation_bot/lib/python3.12/site-packages:${PYTHONPATH} /usr/bin/python3 -W ignore:setup.py install is deprecated -W ignore:easy_install command is deprecated setup.py develop --uninstall --editable --build-directory /home/ros/irrigation_ws/build/irrigation_bot/build
[4.584s] DEBUG:colcon.colcon_core.event_handler.log_command:Invoking command in '/home/ros/irrigation_ws/src/irrigation_bot': DEBUGINFOD_URLS=https://debuginfod.ubuntu.com PYTHONPATH=/home/ros/irrigation_ws/build/irrigation_bot/prefix_override:/usr/lib/python3/dist-packages/colcon_core/task/python/colcon_distutils_commands:/home/ros/irrigation_ws/install/irrigation_bot/lib/python3.12/site-packages:${PYTHONPATH} /usr/bin/python3 -W ignore:setup.py install is deprecated -W ignore:easy_install command is deprecated setup.py egg_info --egg-base ../../build/irrigation_bot build --build-base /home/ros/irrigation_ws/build/irrigation_bot/build install --record /home/ros/irrigation_ws/build/irrigation_bot/install.log --single-version-externally-managed
[5.357s] DEBUG:colcon.colcon_core.event_handler.log_command:Invoked command in '/home/ros/irrigation_ws/src/irrigation_bot' returned '0': DEBUGINFOD_URLS=https://debuginfod.ubuntu.com PYTHONPATH=/home/ros/irrigation_ws/build/irrigation_bot/prefix_override:/usr/lib/python3/dist-packages/colcon_core/task/python/colcon_distutils_commands:/home/ros/irrigation_ws/install/irrigation_bot/lib/python3.12/site-packages:${PYTHONPATH} /usr/bin/python3 -W ignore:setup.py install is deprecated -W ignore:easy_install command is deprecated setup.py egg_info --egg-base ../../build/irrigation_bot build --build-base /home/ros/irrigation_ws/build/irrigation_bot/build install --record /home/ros/irrigation_ws/build/irrigation_bot/install.log --single-version-externally-managed
[5.374s] Level 1:colcon.colcon_core.environment:checking '/home/ros/irrigation_ws/install/irrigation_bot' for CMake module files
[5.374s] Level 1:colcon.colcon_core.environment:checking '/home/ros/irrigation_ws/install/irrigation_bot' for CMake config files
[5.375s] Level 1:colcon.colcon_core.environment:checking '/home/ros/irrigation_ws/install/irrigation_bot/lib'
[5.375s] Level 1:colcon.colcon_core.environment:checking '/home/ros/irrigation_ws/install/irrigation_bot/bin'
[5.375s] Level 1:colcon.colcon_core.environment:checking '/home/ros/irrigation_ws/install/irrigation_bot/lib/pkgconfig/irrigation_bot.pc'
[5.376s] Level 1:colcon.colcon_core.environment:checking '/home/ros/irrigation_ws/install/irrigation_bot/lib/python3.12/site-packages'
[5.376s] Level 1:colcon.colcon_core.shell:create_environment_hook('irrigation_bot', 'pythonpath')
[5.376s] INFO:colcon.colcon_core.shell:Creating environment hook '/home/ros/irrigation_ws/install/irrigation_bot/share/irrigation_bot/hook/pythonpath.ps1'
[5.378s] INFO:colcon.colcon_core.shell:Creating environment descriptor '/home/ros/irrigation_ws/install/irrigation_bot/share/irrigation_bot/hook/pythonpath.dsv'
[5.378s] INFO:colcon.colcon_core.shell:Creating environment hook '/home/ros/irrigation_ws/install/irrigation_bot/share/irrigation_bot/hook/pythonpath.sh'
[5.382s] Level 1:colcon.colcon_core.environment:checking '/home/ros/irrigation_ws/install/irrigation_bot/bin'
[5.382s] Level 1:colcon.colcon_core.environment:create_environment_scripts_only(irrigation_bot)
[5.382s] INFO:colcon.colcon_core.shell:Creating package script '/home/ros/irrigation_ws/install/irrigation_bot/share/irrigation_bot/package.ps1'
[5.385s] INFO:colcon.colcon_core.shell:Creating package descriptor '/home/ros/irrigation_ws/install/irrigation_bot/share/irrigation_bot/package.dsv'
[5.388s] INFO:colcon.colcon_core.shell:Creating package script '/home/ros/irrigation_ws/install/irrigation_bot/share/irrigation_bot/package.sh'
[5.389s] INFO:colcon.colcon_core.shell:Creating package script '/home/ros/irrigation_ws/install/irrigation_bot/share/irrigation_bot/package.bash'
[5.392s] INFO:colcon.colcon_core.shell:Creating package script '/home/ros/irrigation_ws/install/irrigation_bot/share/irrigation_bot/package.zsh'
[5.393s] Level 1:colcon.colcon_core.environment:create_file_with_runtime_dependencies(/home/ros/irrigation_ws/install/irrigation_bot/share/colcon-core/packages/irrigation_bot)
[5.393s] DEBUG:colcon.colcon_parallel_executor.executor.parallel:closing loop
[5.394s] DEBUG:colcon.colcon_parallel_executor.executor.parallel:loop closed
[5.394s] DEBUG:colcon.colcon_parallel_executor.executor.parallel:run_until_complete finished with '0'
[5.394s] DEBUG:colcon.colcon_core.event_reactor:joining thread
[5.402s] INFO:colcon.colcon_core.plugin_system:Skipping extension 'colcon_notification.desktop_notification.terminal_notifier': Not used on non-Darwin systems
[5.402s] INFO:colcon.colcon_core.plugin_system:Skipping extension 'colcon_notification.desktop_notification.win32': Not used on non-Windows systems
[5.402s] INFO:colcon.colcon_notification.desktop_notification:Sending desktop notification using 'notify2'
[5.450s] DEBUG:colcon.colcon_core.event_reactor:joined thread
[5.450s] INFO:colcon.colcon_core.shell:Creating prefix script '/home/ros/irrigation_ws/install/local_setup.ps1'
[5.454s] INFO:colcon.colcon_core.shell:Creating prefix util module '/home/ros/irrigation_ws/install/_local_setup_util_ps1.py'
[5.458s] INFO:colcon.colcon_core.shell:Creating prefix chain script '/home/ros/irrigation_ws/install/setup.ps1'
[5.465s] INFO:colcon.colcon_core.shell:Creating prefix script '/home/ros/irrigation_ws/install/local_setup.sh'
[5.466s] INFO:colcon.colcon_core.shell:Creating prefix util module '/home/ros/irrigation_ws/install/_local_setup_util_sh.py'
[5.472s] INFO:colcon.colcon_core.shell:Creating prefix chain script '/home/ros/irrigation_ws/install/setup.sh'
[5.475s] INFO:colcon.colcon_core.shell:Creating prefix script '/home/ros/irrigation_ws/install/local_setup.bash'
[5.478s] INFO:colcon.colcon_core.shell:Creating prefix chain script '/home/ros/irrigation_ws/install/setup.bash'
[5.480s] INFO:colcon.colcon_core.shell:Creating prefix script '/home/ros/irrigation_ws/install/local_setup.zsh'
[5.481s] INFO:colcon.colcon_core.shell:Creating prefix chain script '/home/ros/irrigation_ws/install/setup.zsh'
