[5.111s] Invoking command in '/home/ros/irrigation_ws/src/irrigation_bot': DEBUGINFOD_URLS=https://debuginfod.ubuntu.com PYTHONPATH=/home/ros/irrigation_ws/build/irrigation_bot/prefix_override:/usr/lib/python3/dist-packages/colcon_core/task/python/colcon_distutils_commands:/home/ros/irrigation_ws/install/irrigation_bot/lib/python3.12/site-packages:${PYTHONPATH} /usr/bin/python3 -W ignore:setup.py install is deprecated -W ignore:easy_install command is deprecated setup.py egg_info --egg-base ../../build/irrigation_bot build --build-base /home/ros/irrigation_ws/build/irrigation_bot/build install --record /home/ros/irrigation_ws/build/irrigation_bot/install.log --single-version-externally-managed install_data
[5.330s] running egg_info
[5.340s] writing ../../build/irrigation_bot/irrigation_bot.egg-info/PKG-INFO
[5.343s] writing dependency_links to ../../build/irrigation_bot/irrigation_bot.egg-info/dependency_links.txt
[5.343s] writing entry points to ../../build/irrigation_bot/irrigation_bot.egg-info/entry_points.txt
[5.346s] writing requirements to ../../build/irrigation_bot/irrigation_bot.egg-info/requires.txt
[5.346s] writing top-level names to ../../build/irrigation_bot/irrigation_bot.egg-info/top_level.txt
[5.394s] reading manifest file '../../build/irrigation_bot/irrigation_bot.egg-info/SOURCES.txt'
[5.414s] writing manifest file '../../build/irrigation_bot/irrigation_bot.egg-info/SOURCES.txt'
[5.414s] running build
[5.415s] running build_py
[5.415s] running install
[5.421s] running install_lib
[5.433s] running install_data
[5.433s] copying urdf/irrigation_bot_clean.urdf -> /home/ros/irrigation_ws/install/irrigation_bot/share/irrigation_bot/urdf
[5.459s] running install_egg_info
[5.468s] removing '/home/ros/irrigation_ws/install/irrigation_bot/lib/python3.12/site-packages/irrigation_bot-0.0.1-py3.12.egg-info' (and everything under it)
[5.470s] Copying ../../build/irrigation_bot/irrigation_bot.egg-info to /home/ros/irrigation_ws/install/irrigation_bot/lib/python3.12/site-packages/irrigation_bot-0.0.1-py3.12.egg-info
[5.487s] running install_scripts
[6.044s] Installing irrigation_bot script to /home/ros/irrigation_ws/install/irrigation_bot/lib/irrigation_bot
[6.045s] writing list of installed files to '/home/ros/irrigation_ws/build/irrigation_bot/install.log'
[6.045s] Invoked command in '/home/ros/irrigation_ws/src/irrigation_bot' returned '0': DEBUGINFOD_URLS=https://debuginfod.ubuntu.com PYTHONPATH=/home/ros/irrigation_ws/build/irrigation_bot/prefix_override:/usr/lib/python3/dist-packages/colcon_core/task/python/colcon_distutils_commands:/home/ros/irrigation_ws/install/irrigation_bot/lib/python3.12/site-packages:${PYTHONPATH} /usr/bin/python3 -W ignore:setup.py install is deprecated -W ignore:easy_install command is deprecated setup.py egg_info --egg-base ../../build/irrigation_bot build --build-base /home/ros/irrigation_ws/build/irrigation_bot/build install --record /home/ros/irrigation_ws/build/irrigation_bot/install.log --single-version-externally-managed install_data
