[1.149s] DEBUG:colcon:Command line arguments: ['/usr/bin/colcon', 'build']
[1.149s] DEBUG:colcon:Parsed command line arguments: Namespace(log_base=None, log_level=None, verb_name='build', build_base='build', install_base='install', merge_install=False, symlink_install=False, test_result_base=None, continue_on_error=False, executor='parallel', parallel_workers=10, event_handlers=None, ignore_user_meta=False, metas=['./colcon.meta'], base_paths=['.'], packages_ignore=None, packages_ignore_regex=None, paths=None, packages_up_to=None, packages_up_to_regex=None, packages_above=None, packages_above_and_dependencies=None, packages_above_depth=None, packages_select_by_dep=None, packages_skip_by_dep=None, packages_skip_up_to=None, packages_select_build_failed=False, packages_skip_build_finished=False, packages_select_test_failures=False, packages_skip_test_passed=False, packages_select=None, packages_skip=None, packages_select_regex=None, packages_skip_regex=None, packages_start=None, packages_end=None, allow_overriding=[], cmake_args=None, cmake_target=None, cmake_target_skip_unavailable=False, cmake_clean_cache=False, cmake_clean_first=False, cmake_force_configure=False, ament_cmake_args=None, catkin_cmake_args=None, catkin_skip_building_tests=False, mixin_files=None, mixin=None, verb_parser=<colcon_mixin.mixin.mixin_argument.MixinArgumentDecorator object at 0x735222480590>, verb_extension=<colcon_core.verb.build.BuildVerb object at 0x7352225a08f0>, main=<bound method BuildVerb.main of <colcon_core.verb.build.BuildVerb object at 0x7352225a08f0>>, mixin_verb=('build',))
[1.730s] Level 1:colcon.colcon_core.package_discovery:discover_packages(colcon_meta) check parameters
[1.730s] Level 1:colcon.colcon_core.package_discovery:discover_packages(recursive) check parameters
[1.730s] Level 1:colcon.colcon_core.package_discovery:discover_packages(ignore) check parameters
[1.730s] Level 1:colcon.colcon_core.package_discovery:discover_packages(path) check parameters
[1.730s] Level 1:colcon.colcon_core.package_discovery:discover_packages(colcon_meta) discover
[1.730s] Level 1:colcon.colcon_core.package_discovery:discover_packages(recursive) discover
[1.730s] INFO:colcon.colcon_core.package_discovery:Crawling recursively for packages in '/home/ros/irrigation_ws'
[1.730s] Level 1:colcon.colcon_core.package_identification:_identify(.) by extensions ['ignore', 'ignore_ament_install']
[1.730s] Level 1:colcon.colcon_core.package_identification:_identify(.) by extension 'ignore'
[1.731s] Level 1:colcon.colcon_core.package_identification:_identify(.) by extension 'ignore_ament_install'
[1.731s] Level 1:colcon.colcon_core.package_identification:_identify(.) by extensions ['colcon_pkg']
[1.731s] Level 1:colcon.colcon_core.package_identification:_identify(.) by extension 'colcon_pkg'
[1.731s] Level 1:colcon.colcon_core.package_identification:_identify(.) by extensions ['colcon_meta']
[1.731s] Level 1:colcon.colcon_core.package_identification:_identify(.) by extension 'colcon_meta'
[1.731s] Level 1:colcon.colcon_core.package_identification:_identify(.) by extensions ['ros']
[1.731s] Level 1:colcon.colcon_core.package_identification:_identify(.) by extension 'ros'
[1.792s] Level 1:colcon.colcon_core.package_identification:_identify(.) by extensions ['cmake', 'python']
[1.792s] Level 1:colcon.colcon_core.package_identification:_identify(.) by extension 'cmake'
[1.792s] Level 1:colcon.colcon_core.package_identification:_identify(.) by extension 'python'
[1.792s] Level 1:colcon.colcon_core.package_identification:_identify(.) by extensions ['python_setup_py']
[1.792s] Level 1:colcon.colcon_core.package_identification:_identify(.) by extension 'python_setup_py'
[1.792s] Level 1:colcon.colcon_core.package_identification:_identify(build) by extensions ['ignore', 'ignore_ament_install']
[1.792s] Level 1:colcon.colcon_core.package_identification:_identify(build) by extension 'ignore'
[1.792s] Level 1:colcon.colcon_core.package_identification:_identify(build) ignored
[1.792s] Level 1:colcon.colcon_core.package_identification:_identify(install) by extensions ['ignore', 'ignore_ament_install']
[1.792s] Level 1:colcon.colcon_core.package_identification:_identify(install) by extension 'ignore'
[1.792s] Level 1:colcon.colcon_core.package_identification:_identify(install) ignored
[1.793s] Level 1:colcon.colcon_core.package_identification:_identify(log) by extensions ['ignore', 'ignore_ament_install']
[1.793s] Level 1:colcon.colcon_core.package_identification:_identify(log) by extension 'ignore'
[1.793s] Level 1:colcon.colcon_core.package_identification:_identify(log) ignored
[1.793s] Level 1:colcon.colcon_core.package_identification:_identify(models) by extensions ['ignore', 'ignore_ament_install']
[1.793s] Level 1:colcon.colcon_core.package_identification:_identify(models) by extension 'ignore'
[1.793s] Level 1:colcon.colcon_core.package_identification:_identify(models) by extension 'ignore_ament_install'
[1.793s] Level 1:colcon.colcon_core.package_identification:_identify(models) by extensions ['colcon_pkg']
[1.793s] Level 1:colcon.colcon_core.package_identification:_identify(models) by extension 'colcon_pkg'
[1.793s] Level 1:colcon.colcon_core.package_identification:_identify(models) by extensions ['colcon_meta']
[1.793s] Level 1:colcon.colcon_core.package_identification:_identify(models) by extension 'colcon_meta'
[1.793s] Level 1:colcon.colcon_core.package_identification:_identify(models) by extensions ['ros']
[1.793s] Level 1:colcon.colcon_core.package_identification:_identify(models) by extension 'ros'
[1.793s] Level 1:colcon.colcon_core.package_identification:_identify(models) by extensions ['cmake', 'python']
[1.793s] Level 1:colcon.colcon_core.package_identification:_identify(models) by extension 'cmake'
[1.793s] Level 1:colcon.colcon_core.package_identification:_identify(models) by extension 'python'
[1.793s] Level 1:colcon.colcon_core.package_identification:_identify(models) by extensions ['python_setup_py']
[1.794s] Level 1:colcon.colcon_core.package_identification:_identify(models) by extension 'python_setup_py'
[1.794s] Level 1:colcon.colcon_core.package_identification:_identify(models/sun) by extensions ['ignore', 'ignore_ament_install']
[1.794s] Level 1:colcon.colcon_core.package_identification:_identify(models/sun) by extension 'ignore'
[1.794s] Level 1:colcon.colcon_core.package_identification:_identify(models/sun) by extension 'ignore_ament_install'
[1.794s] Level 1:colcon.colcon_core.package_identification:_identify(models/sun) by extensions ['colcon_pkg']
[1.794s] Level 1:colcon.colcon_core.package_identification:_identify(models/sun) by extension 'colcon_pkg'
[1.794s] Level 1:colcon.colcon_core.package_identification:_identify(models/sun) by extensions ['colcon_meta']
[1.794s] Level 1:colcon.colcon_core.package_identification:_identify(models/sun) by extension 'colcon_meta'
[1.794s] Level 1:colcon.colcon_core.package_identification:_identify(models/sun) by extensions ['ros']
[1.794s] Level 1:colcon.colcon_core.package_identification:_identify(models/sun) by extension 'ros'
[1.794s] Level 1:colcon.colcon_core.package_identification:_identify(models/sun) by extensions ['cmake', 'python']
[1.794s] Level 1:colcon.colcon_core.package_identification:_identify(models/sun) by extension 'cmake'
[1.794s] Level 1:colcon.colcon_core.package_identification:_identify(models/sun) by extension 'python'
[1.794s] Level 1:colcon.colcon_core.package_identification:_identify(models/sun) by extensions ['python_setup_py']
[1.794s] Level 1:colcon.colcon_core.package_identification:_identify(models/sun) by extension 'python_setup_py'
[1.794s] Level 1:colcon.colcon_core.package_identification:_identify(src) by extensions ['ignore', 'ignore_ament_install']
[1.794s] Level 1:colcon.colcon_core.package_identification:_identify(src) by extension 'ignore'
[1.794s] Level 1:colcon.colcon_core.package_identification:_identify(src) by extension 'ignore_ament_install'
[1.794s] Level 1:colcon.colcon_core.package_identification:_identify(src) by extensions ['colcon_pkg']
[1.794s] Level 1:colcon.colcon_core.package_identification:_identify(src) by extension 'colcon_pkg'
[1.795s] Level 1:colcon.colcon_core.package_identification:_identify(src) by extensions ['colcon_meta']
[1.795s] Level 1:colcon.colcon_core.package_identification:_identify(src) by extension 'colcon_meta'
[1.795s] Level 1:colcon.colcon_core.package_identification:_identify(src) by extensions ['ros']
[1.795s] Level 1:colcon.colcon_core.package_identification:_identify(src) by extension 'ros'
[1.795s] Level 1:colcon.colcon_core.package_identification:_identify(src) by extensions ['cmake', 'python']
[1.795s] Level 1:colcon.colcon_core.package_identification:_identify(src) by extension 'cmake'
[1.795s] Level 1:colcon.colcon_core.package_identification:_identify(src) by extension 'python'
[1.795s] Level 1:colcon.colcon_core.package_identification:_identify(src) by extensions ['python_setup_py']
[1.795s] Level 1:colcon.colcon_core.package_identification:_identify(src) by extension 'python_setup_py'
[1.795s] Level 1:colcon.colcon_core.package_identification:_identify(src/irrigation_bot) by extensions ['ignore', 'ignore_ament_install']
[1.795s] Level 1:colcon.colcon_core.package_identification:_identify(src/irrigation_bot) by extension 'ignore'
[1.795s] Level 1:colcon.colcon_core.package_identification:_identify(src/irrigation_bot) by extension 'ignore_ament_install'
[1.795s] Level 1:colcon.colcon_core.package_identification:_identify(src/irrigation_bot) by extensions ['colcon_pkg']
[1.795s] Level 1:colcon.colcon_core.package_identification:_identify(src/irrigation_bot) by extension 'colcon_pkg'
[1.795s] Level 1:colcon.colcon_core.package_identification:_identify(src/irrigation_bot) by extensions ['colcon_meta']
[1.795s] Level 1:colcon.colcon_core.package_identification:_identify(src/irrigation_bot) by extension 'colcon_meta'
[1.795s] Level 1:colcon.colcon_core.package_identification:_identify(src/irrigation_bot) by extensions ['ros']
[1.795s] Level 1:colcon.colcon_core.package_identification:_identify(src/irrigation_bot) by extension 'ros'
[1.831s] DEBUG:colcon.colcon_core.package_identification:Package 'src/irrigation_bot' with type 'ros.ament_python' and name 'irrigation_bot'
[1.831s] Level 1:colcon.colcon_core.package_identification:_identify(src/irrigation_bot_controller) by extensions ['ignore', 'ignore_ament_install']
[1.831s] Level 1:colcon.colcon_core.package_identification:_identify(src/irrigation_bot_controller) by extension 'ignore'
[1.831s] Level 1:colcon.colcon_core.package_identification:_identify(src/irrigation_bot_controller) by extension 'ignore_ament_install'
[1.832s] Level 1:colcon.colcon_core.package_identification:_identify(src/irrigation_bot_controller) by extensions ['colcon_pkg']
[1.832s] Level 1:colcon.colcon_core.package_identification:_identify(src/irrigation_bot_controller) by extension 'colcon_pkg'
[1.832s] Level 1:colcon.colcon_core.package_identification:_identify(src/irrigation_bot_controller) by extensions ['colcon_meta']
[1.832s] Level 1:colcon.colcon_core.package_identification:_identify(src/irrigation_bot_controller) by extension 'colcon_meta'
[1.832s] Level 1:colcon.colcon_core.package_identification:_identify(src/irrigation_bot_controller) by extensions ['ros']
[1.832s] Level 1:colcon.colcon_core.package_identification:_identify(src/irrigation_bot_controller) by extension 'ros'
[1.838s] DEBUG:colcon.colcon_core.package_identification:Package 'src/irrigation_bot_controller' with type 'ros.ament_python' and name 'irrigation_bot_controller'
[1.838s] Level 1:colcon.colcon_core.package_identification:_identify(src/rviz) by extensions ['ignore', 'ignore_ament_install']
[1.839s] Level 1:colcon.colcon_core.package_identification:_identify(src/rviz) by extension 'ignore'
[1.839s] Level 1:colcon.colcon_core.package_identification:_identify(src/rviz) by extension 'ignore_ament_install'
[1.839s] Level 1:colcon.colcon_core.package_identification:_identify(src/rviz) by extensions ['colcon_pkg']
[1.839s] Level 1:colcon.colcon_core.package_identification:_identify(src/rviz) by extension 'colcon_pkg'
[1.839s] Level 1:colcon.colcon_core.package_identification:_identify(src/rviz) by extensions ['colcon_meta']
[1.839s] Level 1:colcon.colcon_core.package_identification:_identify(src/rviz) by extension 'colcon_meta'
[1.840s] Level 1:colcon.colcon_core.package_identification:_identify(src/rviz) by extensions ['ros']
[1.841s] Level 1:colcon.colcon_core.package_identification:_identify(src/rviz) by extension 'ros'
[1.841s] Level 1:colcon.colcon_core.package_identification:_identify(src/rviz) by extensions ['cmake', 'python']
[1.841s] Level 1:colcon.colcon_core.package_identification:_identify(src/rviz) by extension 'cmake'
[1.842s] Level 1:colcon.colcon_core.package_identification:_identify(src/rviz) by extension 'python'
[1.842s] Level 1:colcon.colcon_core.package_identification:_identify(src/rviz) by extensions ['python_setup_py']
[1.842s] Level 1:colcon.colcon_core.package_identification:_identify(src/rviz) by extension 'python_setup_py'
[1.842s] Level 1:colcon.colcon_core.package_discovery:discover_packages(recursive) using defaults
[1.842s] Level 1:colcon.colcon_core.package_discovery:discover_packages(ignore) discover
[1.842s] Level 1:colcon.colcon_core.package_discovery:discover_packages(ignore) using defaults
[1.842s] Level 1:colcon.colcon_core.package_discovery:discover_packages(path) discover
[1.842s] Level 1:colcon.colcon_core.package_discovery:discover_packages(path) using defaults
[1.991s] Level 1:colcon.colcon_core.package_discovery:discover_packages(prefix_path) check parameters
[1.991s] Level 1:colcon.colcon_core.package_discovery:discover_packages(prefix_path) discover
[1.992s] DEBUG:colcon.colcon_installed_package_information.package_discovery:Found 1 installed packages in /home/ros/irrigation_ws/install
[1.996s] DEBUG:colcon.colcon_installed_package_information.package_discovery:Found 209 installed packages in /opt/ros/jazzy
[1.998s] Level 1:colcon.colcon_core.package_discovery:discover_packages(prefix_path) using defaults
[2.751s] Level 5:colcon.colcon_core.verb:set package 'irrigation_bot' build argument 'cmake_args' from command line to 'None'
[2.751s] Level 5:colcon.colcon_core.verb:set package 'irrigation_bot' build argument 'cmake_target' from command line to 'None'
[2.751s] Level 5:colcon.colcon_core.verb:set package 'irrigation_bot' build argument 'cmake_target_skip_unavailable' from command line to 'False'
[2.751s] Level 5:colcon.colcon_core.verb:set package 'irrigation_bot' build argument 'cmake_clean_cache' from command line to 'False'
[2.751s] Level 5:colcon.colcon_core.verb:set package 'irrigation_bot' build argument 'cmake_clean_first' from command line to 'False'
[2.751s] Level 5:colcon.colcon_core.verb:set package 'irrigation_bot' build argument 'cmake_force_configure' from command line to 'False'
[2.752s] Level 5:colcon.colcon_core.verb:set package 'irrigation_bot' build argument 'ament_cmake_args' from command line to 'None'
[2.752s] Level 5:colcon.colcon_core.verb:set package 'irrigation_bot' build argument 'catkin_cmake_args' from command line to 'None'
[2.752s] Level 5:colcon.colcon_core.verb:set package 'irrigation_bot' build argument 'catkin_skip_building_tests' from command line to 'False'
[2.752s] DEBUG:colcon.colcon_core.verb:Building package 'irrigation_bot' with the following arguments: {'ament_cmake_args': None, 'build_base': '/home/ros/irrigation_ws/build/irrigation_bot', 'catkin_cmake_args': None, 'catkin_skip_building_tests': False, 'cmake_args': None, 'cmake_clean_cache': False, 'cmake_clean_first': False, 'cmake_force_configure': False, 'cmake_target': None, 'cmake_target_skip_unavailable': False, 'install_base': '/home/ros/irrigation_ws/install/irrigation_bot', 'merge_install': False, 'path': '/home/ros/irrigation_ws/src/irrigation_bot', 'symlink_install': False, 'test_result_base': None}
[2.752s] Level 5:colcon.colcon_core.verb:set package 'irrigation_bot_controller' build argument 'cmake_args' from command line to 'None'
[2.752s] Level 5:colcon.colcon_core.verb:set package 'irrigation_bot_controller' build argument 'cmake_target' from command line to 'None'
[2.752s] Level 5:colcon.colcon_core.verb:set package 'irrigation_bot_controller' build argument 'cmake_target_skip_unavailable' from command line to 'False'
[2.753s] Level 5:colcon.colcon_core.verb:set package 'irrigation_bot_controller' build argument 'cmake_clean_cache' from command line to 'False'
[2.753s] Level 5:colcon.colcon_core.verb:set package 'irrigation_bot_controller' build argument 'cmake_clean_first' from command line to 'False'
[2.753s] Level 5:colcon.colcon_core.verb:set package 'irrigation_bot_controller' build argument 'cmake_force_configure' from command line to 'False'
[2.753s] Level 5:colcon.colcon_core.verb:set package 'irrigation_bot_controller' build argument 'ament_cmake_args' from command line to 'None'
[2.753s] Level 5:colcon.colcon_core.verb:set package 'irrigation_bot_controller' build argument 'catkin_cmake_args' from command line to 'None'
[2.753s] Level 5:colcon.colcon_core.verb:set package 'irrigation_bot_controller' build argument 'catkin_skip_building_tests' from command line to 'False'
[2.753s] DEBUG:colcon.colcon_core.verb:Building package 'irrigation_bot_controller' with the following arguments: {'ament_cmake_args': None, 'build_base': '/home/ros/irrigation_ws/build/irrigation_bot_controller', 'catkin_cmake_args': None, 'catkin_skip_building_tests': False, 'cmake_args': None, 'cmake_clean_cache': False, 'cmake_clean_first': False, 'cmake_force_configure': False, 'cmake_target': None, 'cmake_target_skip_unavailable': False, 'install_base': '/home/ros/irrigation_ws/install/irrigation_bot_controller', 'merge_install': False, 'path': '/home/ros/irrigation_ws/src/irrigation_bot_controller', 'symlink_install': False, 'test_result_base': None}
[2.753s] INFO:colcon.colcon_core.executor:Executing jobs using 'parallel' executor
[2.766s] DEBUG:colcon.colcon_parallel_executor.executor.parallel:run_until_complete
[2.766s] INFO:colcon.colcon_ros.task.ament_python.build:Building ROS package in '/home/ros/irrigation_ws/src/irrigation_bot' with build type 'ament_python'
[2.767s] Level 1:colcon.colcon_core.shell:create_environment_hook('irrigation_bot', 'ament_prefix_path')
[2.785s] INFO:colcon.colcon_core.plugin_system:Skipping extension 'colcon_core.shell.bat': Not used on non-Windows systems
[2.787s] INFO:colcon.colcon_core.shell:Creating environment hook '/home/ros/irrigation_ws/install/irrigation_bot/share/irrigation_bot/hook/ament_prefix_path.ps1'
[2.789s] INFO:colcon.colcon_core.shell:Creating environment descriptor '/home/ros/irrigation_ws/install/irrigation_bot/share/irrigation_bot/hook/ament_prefix_path.dsv'
[2.790s] INFO:colcon.colcon_core.shell:Creating environment hook '/home/ros/irrigation_ws/install/irrigation_bot/share/irrigation_bot/hook/ament_prefix_path.sh'
[2.799s] INFO:colcon.colcon_core.shell:Skip shell extension 'powershell' for command environment: Not usable outside of PowerShell
[2.799s] DEBUG:colcon.colcon_core.shell:Skip shell extension 'dsv' for command environment
[2.817s] INFO:colcon.colcon_ros.task.ament_python.build:Building ROS package in '/home/ros/irrigation_ws/src/irrigation_bot_controller' with build type 'ament_python'
[2.817s] Level 1:colcon.colcon_core.shell:create_environment_hook('irrigation_bot_controller', 'ament_prefix_path')
[2.817s] INFO:colcon.colcon_core.shell:Creating environment hook '/home/ros/irrigation_ws/install/irrigation_bot_controller/share/irrigation_bot_controller/hook/ament_prefix_path.ps1'
[2.828s] INFO:colcon.colcon_core.shell:Creating environment descriptor '/home/ros/irrigation_ws/install/irrigation_bot_controller/share/irrigation_bot_controller/hook/ament_prefix_path.dsv'
[2.829s] INFO:colcon.colcon_core.shell:Creating environment hook '/home/ros/irrigation_ws/install/irrigation_bot_controller/share/irrigation_bot_controller/hook/ament_prefix_path.sh'
[2.829s] INFO:colcon.colcon_core.shell:Skip shell extension 'powershell' for command environment: Not usable outside of PowerShell
[2.831s] DEBUG:colcon.colcon_core.shell:Skip shell extension 'dsv' for command environment
[3.175s] INFO:colcon.colcon_core.task.python.build:Building Python package in '/home/ros/irrigation_ws/src/irrigation_bot'
[3.175s] INFO:colcon.colcon_core.shell:Skip shell extension 'powershell' for command environment: Not usable outside of PowerShell
[3.175s] DEBUG:colcon.colcon_core.shell:Skip shell extension 'dsv' for command environment
[3.557s] WARNING:colcon.colcon_ros.task.ament_python.build:Package 'irrigation_bot_controller' doesn't explicitly install a marker in the package index (colcon-ros currently does it implicitly but that fallback will be removed in the future)
[3.558s] WARNING:colcon.colcon_ros.task.ament_python.build:Package 'irrigation_bot_controller' doesn't explicitly install the 'package.xml' file (colcon-ros currently does it implicitly but that fallback will be removed in the future)
[3.561s] INFO:colcon.colcon_core.task.python.build:Building Python package in '/home/ros/irrigation_ws/src/irrigation_bot_controller'
[3.562s] INFO:colcon.colcon_core.shell:Skip shell extension 'powershell' for command environment: Not usable outside of PowerShell
[3.562s] DEBUG:colcon.colcon_core.shell:Skip shell extension 'dsv' for command environment
[7.193s] DEBUG:colcon.colcon_core.event_handler.log_command:Invoking command in '/home/ros/irrigation_ws/build/irrigation_bot': DEBUGINFOD_URLS=https://debuginfod.ubuntu.com PYTHONPATH=/home/ros/irrigation_ws/build/irrigation_bot/prefix_override:/usr/lib/python3/dist-packages/colcon_core/task/python/colcon_distutils_commands:/home/ros/irrigation_ws/install/irrigation_bot/lib/python3.12/site-packages:${PYTHONPATH} /usr/bin/python3 -W ignore:setup.py install is deprecated -W ignore:easy_install command is deprecated setup.py develop --uninstall --editable --build-directory /home/ros/irrigation_ws/build/irrigation_bot/build
[7.204s] DEBUG:colcon.colcon_core.event_handler.log_command:Invoking command in '/home/ros/irrigation_ws/src/irrigation_bot_controller': DEBUGINFOD_URLS=https://debuginfod.ubuntu.com PYTHONPATH=/home/ros/irrigation_ws/build/irrigation_bot_controller/prefix_override:/usr/lib/python3/dist-packages/colcon_core/task/python/colcon_distutils_commands:/home/ros/irrigation_ws/install/irrigation_bot_controller/lib/python3.12/site-packages:${PYTHONPATH} /usr/bin/python3 -W ignore:setup.py install is deprecated -W ignore:easy_install command is deprecated setup.py egg_info --egg-base ../../build/irrigation_bot_controller build --build-base /home/ros/irrigation_ws/build/irrigation_bot_controller/build install --record /home/ros/irrigation_ws/build/irrigation_bot_controller/install.log --single-version-externally-managed
[7.680s] DEBUG:colcon.colcon_core.event_handler.log_command:Invoked command in '/home/ros/irrigation_ws/build/irrigation_bot' returned '0': DEBUGINFOD_URLS=https://debuginfod.ubuntu.com PYTHONPATH=/home/ros/irrigation_ws/build/irrigation_bot/prefix_override:/usr/lib/python3/dist-packages/colcon_core/task/python/colcon_distutils_commands:/home/ros/irrigation_ws/install/irrigation_bot/lib/python3.12/site-packages:${PYTHONPATH} /usr/bin/python3 -W ignore:setup.py install is deprecated -W ignore:easy_install command is deprecated setup.py develop --uninstall --editable --build-directory /home/ros/irrigation_ws/build/irrigation_bot/build
[7.693s] DEBUG:colcon.colcon_core.event_handler.log_command:Invoking command in '/home/ros/irrigation_ws/src/irrigation_bot': DEBUGINFOD_URLS=https://debuginfod.ubuntu.com PYTHONPATH=/home/ros/irrigation_ws/build/irrigation_bot/prefix_override:/usr/lib/python3/dist-packages/colcon_core/task/python/colcon_distutils_commands:/home/ros/irrigation_ws/install/irrigation_bot/lib/python3.12/site-packages:${PYTHONPATH} /usr/bin/python3 -W ignore:setup.py install is deprecated -W ignore:easy_install command is deprecated setup.py egg_info --egg-base ../../build/irrigation_bot build --build-base /home/ros/irrigation_ws/build/irrigation_bot/build install --record /home/ros/irrigation_ws/build/irrigation_bot/install.log --single-version-externally-managed install_data --force
[7.925s] DEBUG:colcon.colcon_core.event_handler.log_command:Invoked command in '/home/ros/irrigation_ws/src/irrigation_bot_controller' returned '0': DEBUGINFOD_URLS=https://debuginfod.ubuntu.com PYTHONPATH=/home/ros/irrigation_ws/build/irrigation_bot_controller/prefix_override:/usr/lib/python3/dist-packages/colcon_core/task/python/colcon_distutils_commands:/home/ros/irrigation_ws/install/irrigation_bot_controller/lib/python3.12/site-packages:${PYTHONPATH} /usr/bin/python3 -W ignore:setup.py install is deprecated -W ignore:easy_install command is deprecated setup.py egg_info --egg-base ../../build/irrigation_bot_controller build --build-base /home/ros/irrigation_ws/build/irrigation_bot_controller/build install --record /home/ros/irrigation_ws/build/irrigation_bot_controller/install.log --single-version-externally-managed
[8.282s] Level 1:colcon.colcon_core.environment:checking '/home/ros/irrigation_ws/install/irrigation_bot_controller' for CMake module files
[8.282s] Level 1:colcon.colcon_core.environment:checking '/home/ros/irrigation_ws/install/irrigation_bot_controller' for CMake config files
[8.283s] Level 1:colcon.colcon_core.environment:checking '/home/ros/irrigation_ws/install/irrigation_bot_controller/lib'
[8.284s] Level 1:colcon.colcon_core.environment:checking '/home/ros/irrigation_ws/install/irrigation_bot_controller/bin'
[8.284s] Level 1:colcon.colcon_core.environment:checking '/home/ros/irrigation_ws/install/irrigation_bot_controller/lib/pkgconfig/irrigation_bot_controller.pc'
[8.285s] Level 1:colcon.colcon_core.environment:checking '/home/ros/irrigation_ws/install/irrigation_bot_controller/lib/python3.12/site-packages'
[8.288s] Level 1:colcon.colcon_core.shell:create_environment_hook('irrigation_bot_controller', 'pythonpath')
[8.289s] INFO:colcon.colcon_core.shell:Creating environment hook '/home/ros/irrigation_ws/install/irrigation_bot_controller/share/irrigation_bot_controller/hook/pythonpath.ps1'
[8.289s] INFO:colcon.colcon_core.shell:Creating environment descriptor '/home/ros/irrigation_ws/install/irrigation_bot_controller/share/irrigation_bot_controller/hook/pythonpath.dsv'
[8.290s] INFO:colcon.colcon_core.shell:Creating environment hook '/home/ros/irrigation_ws/install/irrigation_bot_controller/share/irrigation_bot_controller/hook/pythonpath.sh'
[8.291s] Level 1:colcon.colcon_core.environment:checking '/home/ros/irrigation_ws/install/irrigation_bot_controller/bin'
[8.291s] Level 1:colcon.colcon_core.environment:create_environment_scripts_only(irrigation_bot_controller)
[8.291s] INFO:colcon.colcon_core.shell:Creating package script '/home/ros/irrigation_ws/install/irrigation_bot_controller/share/irrigation_bot_controller/package.ps1'
[8.385s] INFO:colcon.colcon_core.shell:Creating package descriptor '/home/ros/irrigation_ws/install/irrigation_bot_controller/share/irrigation_bot_controller/package.dsv'
[8.429s] INFO:colcon.colcon_core.shell:Creating package script '/home/ros/irrigation_ws/install/irrigation_bot_controller/share/irrigation_bot_controller/package.sh'
[8.441s] INFO:colcon.colcon_core.shell:Creating package script '/home/ros/irrigation_ws/install/irrigation_bot_controller/share/irrigation_bot_controller/package.bash'
[8.498s] INFO:colcon.colcon_core.shell:Creating package script '/home/ros/irrigation_ws/install/irrigation_bot_controller/share/irrigation_bot_controller/package.zsh'
[8.509s] Level 1:colcon.colcon_core.environment:create_file_with_runtime_dependencies(/home/ros/irrigation_ws/install/irrigation_bot_controller/share/colcon-core/packages/irrigation_bot_controller)
[8.763s] Level 1:colcon.colcon_core.environment:checking '/home/ros/irrigation_ws/install/irrigation_bot' for CMake module files
[8.767s] DEBUG:colcon.colcon_core.event_handler.log_command:Invoked command in '/home/ros/irrigation_ws/src/irrigation_bot' returned '0': DEBUGINFOD_URLS=https://debuginfod.ubuntu.com PYTHONPATH=/home/ros/irrigation_ws/build/irrigation_bot/prefix_override:/usr/lib/python3/dist-packages/colcon_core/task/python/colcon_distutils_commands:/home/ros/irrigation_ws/install/irrigation_bot/lib/python3.12/site-packages:${PYTHONPATH} /usr/bin/python3 -W ignore:setup.py install is deprecated -W ignore:easy_install command is deprecated setup.py egg_info --egg-base ../../build/irrigation_bot build --build-base /home/ros/irrigation_ws/build/irrigation_bot/build install --record /home/ros/irrigation_ws/build/irrigation_bot/install.log --single-version-externally-managed install_data --force
[8.767s] Level 1:colcon.colcon_core.environment:checking '/home/ros/irrigation_ws/install/irrigation_bot' for CMake config files
[8.793s] Level 1:colcon.colcon_core.environment:checking '/home/ros/irrigation_ws/install/irrigation_bot/lib'
[8.793s] Level 1:colcon.colcon_core.environment:checking '/home/ros/irrigation_ws/install/irrigation_bot/bin'
[8.793s] Level 1:colcon.colcon_core.environment:checking '/home/ros/irrigation_ws/install/irrigation_bot/lib/pkgconfig/irrigation_bot.pc'
[8.794s] Level 1:colcon.colcon_core.environment:checking '/home/ros/irrigation_ws/install/irrigation_bot/lib/python3.12/site-packages'
[8.794s] Level 1:colcon.colcon_core.shell:create_environment_hook('irrigation_bot', 'pythonpath')
[8.794s] INFO:colcon.colcon_core.shell:Creating environment hook '/home/ros/irrigation_ws/install/irrigation_bot/share/irrigation_bot/hook/pythonpath.ps1'
[8.799s] INFO:colcon.colcon_core.shell:Creating environment descriptor '/home/ros/irrigation_ws/install/irrigation_bot/share/irrigation_bot/hook/pythonpath.dsv'
[8.800s] INFO:colcon.colcon_core.shell:Creating environment hook '/home/ros/irrigation_ws/install/irrigation_bot/share/irrigation_bot/hook/pythonpath.sh'
[8.803s] Level 1:colcon.colcon_core.environment:checking '/home/ros/irrigation_ws/install/irrigation_bot/bin'
[8.803s] Level 1:colcon.colcon_core.environment:create_environment_scripts_only(irrigation_bot)
[8.804s] INFO:colcon.colcon_core.shell:Creating package script '/home/ros/irrigation_ws/install/irrigation_bot/share/irrigation_bot/package.ps1'
[8.806s] INFO:colcon.colcon_core.shell:Creating package descriptor '/home/ros/irrigation_ws/install/irrigation_bot/share/irrigation_bot/package.dsv'
[8.806s] INFO:colcon.colcon_core.shell:Creating package script '/home/ros/irrigation_ws/install/irrigation_bot/share/irrigation_bot/package.sh'
[8.807s] INFO:colcon.colcon_core.shell:Creating package script '/home/ros/irrigation_ws/install/irrigation_bot/share/irrigation_bot/package.bash'
[8.807s] INFO:colcon.colcon_core.shell:Creating package script '/home/ros/irrigation_ws/install/irrigation_bot/share/irrigation_bot/package.zsh'
[8.808s] Level 1:colcon.colcon_core.environment:create_file_with_runtime_dependencies(/home/ros/irrigation_ws/install/irrigation_bot/share/colcon-core/packages/irrigation_bot)
[8.811s] DEBUG:colcon.colcon_parallel_executor.executor.parallel:closing loop
[8.813s] DEBUG:colcon.colcon_parallel_executor.executor.parallel:loop closed
[8.813s] DEBUG:colcon.colcon_parallel_executor.executor.parallel:run_until_complete finished with '0'
[8.813s] DEBUG:colcon.colcon_core.event_reactor:joining thread
[8.821s] INFO:colcon.colcon_core.plugin_system:Skipping extension 'colcon_notification.desktop_notification.terminal_notifier': Not used on non-Darwin systems
[8.821s] INFO:colcon.colcon_core.plugin_system:Skipping extension 'colcon_notification.desktop_notification.win32': Not used on non-Windows systems
[8.821s] INFO:colcon.colcon_notification.desktop_notification:Sending desktop notification using 'notify2'
[8.852s] DEBUG:colcon.colcon_core.event_reactor:joined thread
[8.853s] INFO:colcon.colcon_core.shell:Creating prefix script '/home/ros/irrigation_ws/install/local_setup.ps1'
[8.854s] INFO:colcon.colcon_core.shell:Creating prefix util module '/home/ros/irrigation_ws/install/_local_setup_util_ps1.py'
[8.855s] INFO:colcon.colcon_core.shell:Creating prefix chain script '/home/ros/irrigation_ws/install/setup.ps1'
[8.855s] INFO:colcon.colcon_core.shell:Creating prefix script '/home/ros/irrigation_ws/install/local_setup.sh'
[8.856s] INFO:colcon.colcon_core.shell:Creating prefix util module '/home/ros/irrigation_ws/install/_local_setup_util_sh.py'
[8.856s] INFO:colcon.colcon_core.shell:Creating prefix chain script '/home/ros/irrigation_ws/install/setup.sh'
[8.864s] INFO:colcon.colcon_core.shell:Creating prefix script '/home/ros/irrigation_ws/install/local_setup.bash'
[8.870s] INFO:colcon.colcon_core.shell:Creating prefix chain script '/home/ros/irrigation_ws/install/setup.bash'
[8.875s] INFO:colcon.colcon_core.shell:Creating prefix script '/home/ros/irrigation_ws/install/local_setup.zsh'
[8.876s] INFO:colcon.colcon_core.shell:Creating prefix chain script '/home/ros/irrigation_ws/install/setup.zsh'
