/home/ros/irrigation_ws/install/irrigation_bot/lib/python3.12/site-packages/irrigation_bot/__init__.py
/home/ros/irrigation_ws/install/irrigation_bot/lib/python3.12/site-packages/irrigation_bot/irrigation_bot.py
/home/ros/irrigation_ws/install/irrigation_bot/lib/python3.12/site-packages/irrigation_bot/__pycache__/__init__.cpython-312.pyc
/home/ros/irrigation_ws/install/irrigation_bot/lib/python3.12/site-packages/irrigation_bot/__pycache__/irrigation_bot.cpython-312.pyc
/home/ros/irrigation_ws/install/irrigation_bot/share/ament_index/resource_index/packages/irrigation_bot
/home/ros/irrigation_ws/install/irrigation_bot/share/irrigation_bot/package.xml
/home/ros/irrigation_ws/install/irrigation_bot/share/irrigation_bot/launch/irrigation_bot_launch.py
/home/ros/irrigation_ws/install/irrigation_bot/share/irrigation_bot/launch/sim_launch.py
/home/ros/irrigation_ws/install/irrigation_bot/share/irrigation_bot/urdf/irrigation_bot_clean.urdf
/home/ros/irrigation_ws/install/irrigation_bot/share/irrigation_bot/urdf/irrigation_bot.urdf
/home/ros/irrigation_ws/install/irrigation_bot/share/irrigation_bot/worlds/irrigation_world.sdf
/home/ros/irrigation_ws/install/irrigation_bot/share/irrigation_bot/config/irrigation_bot.rviz
/home/ros/irrigation_ws/install/irrigation_bot/share/irrigation_bot/config/irrigation_bot.rsp.yaml
/home/ros/irrigation_ws/install/irrigation_bot/lib/python3.12/site-packages/irrigation_bot-0.0.1-py3.12.egg-info/dependency_links.txt
/home/ros/irrigation_ws/install/irrigation_bot/lib/python3.12/site-packages/irrigation_bot-0.0.1-py3.12.egg-info/zip-safe
/home/ros/irrigation_ws/install/irrigation_bot/lib/python3.12/site-packages/irrigation_bot-0.0.1-py3.12.egg-info/top_level.txt
/home/ros/irrigation_ws/install/irrigation_bot/lib/python3.12/site-packages/irrigation_bot-0.0.1-py3.12.egg-info/SOURCES.txt
/home/ros/irrigation_ws/install/irrigation_bot/lib/python3.12/site-packages/irrigation_bot-0.0.1-py3.12.egg-info/PKG-INFO
/home/ros/irrigation_ws/install/irrigation_bot/lib/python3.12/site-packages/irrigation_bot-0.0.1-py3.12.egg-info/entry_points.txt
/home/ros/irrigation_ws/install/irrigation_bot/lib/python3.12/site-packages/irrigation_bot-0.0.1-py3.12.egg-info/requires.txt
/home/ros/irrigation_ws/install/irrigation_bot/lib/irrigation_bot/irrigation_bot
